# Logfile created on Sat Feb 13 06:13:28 -0500 2010

Processing ApplicationController#index (for 127.0.0.1 at 2010-02-13 06:13:49) [GET]

ActionController::RoutingError (No route matches "/" with {:method=>:get}):
  

Rendering rescues/layout (not_found)
  [4;36;1mSQL (0.4ms)[0m   [0;1m SELECT name
 FROM sqlite_master
 WHERE type = 'table' AND NOT name = 'sqlite_sequence'
[0m
  [4;35;1mSQL (0.3ms)[0m   [0mselect sqlite_version(*)[0m
  [4;36;1mSQL (221.6ms)[0m   [0;1mCREATE TABLE "schema_migrations" ("version" varchar(255) NOT NULL) [0m
  [4;35;1mSQL (192.0ms)[0m   [0mCREATE UNIQUE INDEX "unique_schema_migrations" ON "schema_migrations" ("version")[0m
  [4;36;1mSQL (0.5ms)[0m   [0;1m SELECT name
 FROM sqlite_master
 WHERE type = 'table' AND NOT name = 'sqlite_sequence'
[0m
  [4;35;1mSQL (0.2ms)[0m   [0mSELECT version FROM schema_migrations[0m
Migrating to CreateUsers (20100213113945)
  [4;36;1mSQL (0.4ms)[0m   [0;1m SELECT name
 FROM sqlite_master
 WHERE type = 'table' AND NOT name = 'sqlite_sequence'
[0m
  [4;35;1mSQL (2.7ms)[0m   [0mCREATE TABLE "users" ("id" INTEGER PRIMARY KEY AUTOINCREMENT NOT NULL, "login" varchar(40), "name" varchar(100) DEFAULT '', "email" varchar(100), "crypted_password" varchar(40), "salt" varchar(40), "created_at" datetime, "updated_at" datetime, "remember_token" varchar(40), "remember_token_expires_at" datetime) [0m
  [4;36;1mSQL (0.4ms)[0m   [0;1mCREATE UNIQUE INDEX "index_users_on_login" ON "users" ("login")[0m
  [4;35;1mSQL (0.2ms)[0m   [0mINSERT INTO schema_migrations (version) VALUES ('20100213113945')[0m
  [4;36;1mSQL (0.6ms)[0m   [0;1m SELECT name
 FROM sqlite_master
 WHERE type = 'table' AND NOT name = 'sqlite_sequence'
[0m
  [4;35;1mSQL (0.4ms)[0m   [0mSELECT version FROM schema_migrations[0m
  [4;36;1mSQL (0.5ms)[0m   [0;1m SELECT name
 FROM sqlite_master
 WHERE type = 'table' AND NOT name = 'sqlite_sequence'
[0m
  [4;35;1mSQL (0.2ms)[0m   [0mPRAGMA index_list("users")[0m
  [4;36;1mSQL (0.2ms)[0m   [0;1mPRAGMA index_info('index_users_on_login')[0m


Processing UsersController#new (for 127.0.0.1 at 2010-02-13 06:40:26) [GET]

NameError (uninitialized constant User::Authentication):
  app/models/user.rb:4
  app/controllers/users_controller.rb:8:in `new'
  haml (2.2.15) rails/./lib/sass/plugin/rails.rb:19:in `process'

Rendered rescues/_trace (59.4ms)
Rendered rescues/_request_and_response (1.7ms)
Rendering rescues/layout (internal_server_error)


Processing UsersController#new (for 127.0.0.1 at 2010-02-13 06:40:34) [GET]
Rendering template within layouts/application
Rendering users/new
Completed in 62ms (View: 47, DB: 0) | 200 OK [http://lo/users/new]


Processing ApplicationController#index (for 127.0.0.1 at 2010-02-13 06:40:38) [GET]

ActionController::RoutingError (No route matches "/" with {:method=>:get}):
  

Rendering rescues/layout (not_found)


Processing UsersController#create (for 127.0.0.1 at 2010-02-13 06:41:43) [POST]
  Parameters: {"commit"=>"Sign up", "authenticity_token"=>"5yfWbEBshN/7fT1MQeABw2BCK9NcZwbrNz/QYsq0Ios=", "user"=>{"password_confirmation"=>"serate", "password"=>"serate", "login"=>"nilbus", "email"=>"nilbus@nilbus.com"}}
  [4;36;1mUser Load (0.3ms)[0m   [0;1mSELECT "users".id FROM "users" WHERE ("users"."login" = 'nilbus') LIMIT 1[0m
  [4;35;1mUser Load (0.1ms)[0m   [0mSELECT "users".id FROM "users" WHERE ("users"."email" = 'nilbus@nilbus.com') LIMIT 1[0m
  [4;36;1mUser Create (0.5ms)[0m   [0;1mINSERT INTO "users" ("name", "salt", "created_at", "crypted_password", "remember_token_expires_at", "updated_at", "remember_token", "login", "email") VALUES('', 'ebe983047ca6a67e8ba5bc8c6b2654ea61c68156', '2010-02-13 11:41:43', 'eec3c0b71ad6ff8ddc2266f8000556628a58aecb', NULL, '2010-02-13 11:41:43', NULL, 'nilbus', 'nilbus@nilbus.com')[0m
Redirected to http://lo:3001/
Completed in 236ms (DB: 1) | 302 Found [http://lo/users]


Processing ApplicationController#index (for 127.0.0.1 at 2010-02-13 06:41:43) [GET]

ActionController::RoutingError (No route matches "/" with {:method=>:get}):
  

Rendering rescues/layout (not_found)


Processing UsersController#index (for 127.0.0.1 at 2010-02-13 06:41:46) [GET]

ActionController::UnknownAction (No action responded to index. Actions: create and new):
  haml (2.2.15) rails/./lib/sass/plugin/rails.rb:19:in `process'

Rendering rescues/layout (not_found)


Processing UsersController#show (for 127.0.0.1 at 2010-02-13 06:41:48) [GET]
  Parameters: {"id"=>"1"}

ActionController::UnknownAction (No action responded to show. Actions: create and new):
  haml (2.2.15) rails/./lib/sass/plugin/rails.rb:19:in `process'

Rendering rescues/layout (not_found)


Processing SessionsController#new (for 127.0.0.1 at 2010-02-13 06:41:54) [GET]
Rendering template within layouts/application
Rendering sessions/new
Completed in 155ms (View: 144, DB: 0) | 200 OK [http://lo/session/new]


Processing SessionsController#create (for 127.0.0.1 at 2010-02-13 06:41:59) [POST]
  Parameters: {"commit"=>"Log in", "authenticity_token"=>"5yfWbEBshN/7fT1MQeABw2BCK9NcZwbrNz/QYsq0Ios=", "login"=>"nilbus", "password"=>"serate"}
  [4;35;1mUser Load (0.5ms)[0m   [0mSELECT * FROM "users" WHERE ("users"."login" = 'nilbus') LIMIT 1[0m
Redirected to http://lo:3001/
Completed in 24ms (DB: 0) | 302 Found [http://lo/session]


Processing ApplicationController#index (for 127.0.0.1 at 2010-02-13 06:41:59) [GET]

ActionController::RoutingError (No route matches "/" with {:method=>:get}):
  

Rendering rescues/layout (not_found)


Processing SessionsController#new (for 127.0.0.1 at 2010-02-13 06:42:03) [GET]
Rendering template within layouts/application
Rendering sessions/new
Completed in 8ms (View: 4, DB: 0) | 200 OK [http://lo/session/new]


Processing SessionsController#destroy (for 127.0.0.1 at 2010-02-13 06:42:07) [GET]
Redirected to http://lo:3001/
Completed in 13ms (DB: 0) | 302 Found [http://lo/logout]


Processing ApplicationController#index (for 127.0.0.1 at 2010-02-13 06:42:07) [GET]

ActionController::RoutingError (No route matches "/" with {:method=>:get}):
  

Rendering rescues/layout (not_found)
  [4;36;1mSQL (0.7ms)[0m   [0;1m SELECT name
 FROM sqlite_master
 WHERE type = 'table' AND NOT name = 'sqlite_sequence'
[0m
  [4;35;1mSQL (0.2ms)[0m   [0mSELECT version FROM schema_migrations[0m
  [4;36;1mSQL (0.2ms)[0m   [0;1mselect sqlite_version(*)[0m
  [4;35;1mSQL (0.3ms)[0m   [0m SELECT name
 FROM sqlite_master
 WHERE type = 'table' AND NOT name = 'sqlite_sequence'
[0m
  [4;36;1mSQL (310.6ms)[0m   [0;1mCREATE TABLE "users" ("id" INTEGER PRIMARY KEY AUTOINCREMENT NOT NULL, "login" varchar(40), "name" varchar(100) DEFAULT '', "email" varchar(100), "crypted_password" varchar(40), "salt" varchar(40), "created_at" datetime, "updated_at" datetime, "remember_token" varchar(40), "remember_token_expires_at" datetime) [0m
  [4;35;1mSQL (262.4ms)[0m   [0mCREATE UNIQUE INDEX "index_users_on_login" ON "users" ("login")[0m
  [4;36;1mSQL (0.5ms)[0m   [0;1m SELECT name
 FROM sqlite_master
 WHERE type = 'table' AND NOT name = 'sqlite_sequence'
[0m
  [4;35;1mSQL (141.3ms)[0m   [0mCREATE TABLE "schema_migrations" ("version" varchar(255) NOT NULL) [0m
  [4;36;1mSQL (100.7ms)[0m   [0;1mCREATE UNIQUE INDEX "unique_schema_migrations" ON "schema_migrations" ("version")[0m
  [4;35;1mSQL (0.7ms)[0m   [0m SELECT name
 FROM sqlite_master
 WHERE type = 'table' AND NOT name = 'sqlite_sequence'
[0m
  [4;36;1mSQL (0.4ms)[0m   [0;1mSELECT version FROM "schema_migrations"[0m
  [4;35;1mSQL (66.1ms)[0m   [0mINSERT INTO "schema_migrations" (version) VALUES ('20100213113945')[0m


Processing UsersController#new (for 127.0.0.1 at 2010-02-13 06:53:58) [GET]
Rendering template within layouts/application
Rendering users/new
Completed in 168ms (View: 105, DB: 0) | 200 OK [http://lo/users/new]


Processing UsersController#new (for 127.0.0.1 at 2010-02-13 06:54:14) [GET]
Rendering template within layouts/application
Rendering users/new
Completed in 24ms (View: 8, DB: 0) | 200 OK [http://lo/users/new]


Processing UsersController#new (for 127.0.0.1 at 2010-02-13 06:54:16) [GET]
Rendering template within layouts/application
Rendering users/new
Completed in 27ms (View: 14, DB: 0) | 200 OK [http://lo/users/new]


Processing UsersController#new (for 127.0.0.1 at 2010-02-13 06:54:29) [GET]
Rendering template within layouts/application
Rendering users/new
Completed in 26ms (View: 12, DB: 0) | 200 OK [http://lo/users/new]


Processing UsersController#new (for 127.0.0.1 at 2010-02-13 06:54:37) [GET]
Rendering template within layouts/application
Rendering users/new
Completed in 103ms (View: 90, DB: 0) | 200 OK [http://lo/users/new]


Processing UsersController#new (for 127.0.0.1 at 2010-02-13 06:55:14) [GET]
Rendering template within layouts/application
Rendering users/new
Completed in 33ms (View: 18, DB: 0) | 200 OK [http://lo/users/new]


Processing UsersController#new (for 127.0.0.1 at 2010-02-13 06:55:18) [GET]
Rendering template within layouts/application
Rendering users/new
Completed in 32ms (View: 16, DB: 0) | 200 OK [http://lo/users/new]


Processing UsersController#new (for 127.0.0.1 at 2010-02-13 06:55:26) [GET]
Rendering template within layouts/application
Rendering users/new
Completed in 28ms (View: 13, DB: 0) | 200 OK [http://lo/users/new]


Processing UsersController#new (for 127.0.0.1 at 2010-02-13 07:00:28) [GET]
Rendering template within layouts/application
Rendering users/new
Completed in 110ms (View: 15, DB: 0) | 200 OK [http://lo/users/new]


Processing ApplicationController#index (for 127.0.0.1 at 2010-02-13 07:00:31) [GET]

ActionController::RoutingError (No route matches "/" with {:method=>:get}):
  

Rendering rescues/layout (not_found)


Processing UsersController#new (for 127.0.0.1 at 2010-02-13 07:02:06) [GET]
  Parameters: {"action"=>"new", "controller"=>"users"}
Rendering template within layouts/application
Rendering users/new
Completed in 23ms (View: 8, DB: 0) | 200 OK [http://lo/users/new]


Processing UsersController#new (for 127.0.0.1 at 2010-02-13 07:02:08) [GET]
  Parameters: {"action"=>"new", "controller"=>"users"}
Rendering template within layouts/application
Rendering users/new
Completed in 21ms (View: 8, DB: 0) | 200 OK [http://lo/users/new]


Processing UsersController#new (for 127.0.0.1 at 2010-02-13 07:02:39) [GET]
  Parameters: {"action"=>"new", "controller"=>"users"}
Rendering template within layouts/application
Rendering users/new
Completed in 22ms (View: 7, DB: 0) | 200 OK [http://lo/users/new]


Processing ApplicationController#index (for 127.0.0.1 at 2010-02-13 07:02:41) [GET]

ActionController::RoutingError (No route matches "/" with {:method=>:get}):
  

Rendering rescues/layout (not_found)
  [4;36;1mSQL (0.8ms)[0m   [0;1m SELECT name
 FROM sqlite_master
 WHERE type = 'table' AND NOT name = 'sqlite_sequence'
[0m
  [4;35;1mSQL (0.3ms)[0m   [0mSELECT version FROM schema_migrations[0m
  [4;36;1mSQL (0.3ms)[0m   [0;1mselect sqlite_version(*)[0m
  [4;35;1mSQL (0.4ms)[0m   [0m SELECT name
 FROM sqlite_master
 WHERE type = 'table' AND NOT name = 'sqlite_sequence'
[0m
  [4;36;1mSQL (220.1ms)[0m   [0;1mCREATE TABLE "users" ("id" INTEGER PRIMARY KEY AUTOINCREMENT NOT NULL, "login" varchar(40), "name" varchar(100) DEFAULT '', "email" varchar(100), "crypted_password" varchar(40), "salt" varchar(40), "created_at" datetime, "updated_at" datetime, "remember_token" varchar(40), "remember_token_expires_at" datetime) [0m
  [4;35;1mSQL (168.2ms)[0m   [0mCREATE UNIQUE INDEX "index_users_on_login" ON "users" ("login")[0m
  [4;36;1mSQL (0.3ms)[0m   [0;1m SELECT name
 FROM sqlite_master
 WHERE type = 'table' AND NOT name = 'sqlite_sequence'
[0m
  [4;35;1mSQL (283.6ms)[0m   [0mCREATE TABLE "schema_migrations" ("version" varchar(255) NOT NULL) [0m
  [4;36;1mSQL (302.4ms)[0m   [0;1mCREATE UNIQUE INDEX "unique_schema_migrations" ON "schema_migrations" ("version")[0m
  [4;35;1mSQL (0.5ms)[0m   [0m SELECT name
 FROM sqlite_master
 WHERE type = 'table' AND NOT name = 'sqlite_sequence'
[0m
  [4;36;1mSQL (0.2ms)[0m   [0;1mSELECT version FROM "schema_migrations"[0m
  [4;35;1mSQL (143.9ms)[0m   [0mINSERT INTO "schema_migrations" (version) VALUES ('20100213113945')[0m
  [4;36;1mSQL (0.7ms)[0m   [0;1m SELECT name
 FROM sqlite_master
 WHERE type = 'table' AND NOT name = 'sqlite_sequence'
[0m
  [4;35;1mSQL (0.3ms)[0m   [0mSELECT version FROM schema_migrations[0m
  [4;36;1mSQL (0.2ms)[0m   [0;1mselect sqlite_version(*)[0m
  [4;35;1mSQL (0.3ms)[0m   [0m SELECT name
 FROM sqlite_master
 WHERE type = 'table' AND NOT name = 'sqlite_sequence'
[0m
  [4;36;1mSQL (322.2ms)[0m   [0;1mCREATE TABLE "users" ("id" INTEGER PRIMARY KEY AUTOINCREMENT NOT NULL, "login" varchar(40), "name" varchar(100) DEFAULT '', "email" varchar(100), "crypted_password" varchar(40), "salt" varchar(40), "created_at" datetime, "updated_at" datetime, "remember_token" varchar(40), "remember_token_expires_at" datetime) [0m
  [4;35;1mSQL (224.1ms)[0m   [0mCREATE UNIQUE INDEX "index_users_on_login" ON "users" ("login")[0m
  [4;36;1mSQL (0.5ms)[0m   [0;1m SELECT name
 FROM sqlite_master
 WHERE type = 'table' AND NOT name = 'sqlite_sequence'
[0m
  [4;35;1mSQL (99.4ms)[0m   [0mCREATE TABLE "schema_migrations" ("version" varchar(255) NOT NULL) [0m
  [4;36;1mSQL (100.5ms)[0m   [0;1mCREATE UNIQUE INDEX "unique_schema_migrations" ON "schema_migrations" ("version")[0m
  [4;35;1mSQL (0.7ms)[0m   [0m SELECT name
 FROM sqlite_master
 WHERE type = 'table' AND NOT name = 'sqlite_sequence'
[0m
  [4;36;1mSQL (0.3ms)[0m   [0;1mSELECT version FROM "schema_migrations"[0m
  [4;35;1mSQL (54.7ms)[0m   [0mINSERT INTO "schema_migrations" (version) VALUES ('20100213113945')[0m
  [4;36;1mSQL (0.7ms)[0m   [0;1m SELECT name
 FROM sqlite_master
 WHERE type = 'table' AND NOT name = 'sqlite_sequence'
[0m
  [4;35;1mSQL (0.2ms)[0m   [0mSELECT version FROM schema_migrations[0m
  [4;36;1mSQL (0.2ms)[0m   [0;1mselect sqlite_version(*)[0m
  [4;35;1mSQL (0.3ms)[0m   [0m SELECT name
 FROM sqlite_master
 WHERE type = 'table' AND NOT name = 'sqlite_sequence'
[0m
  [4;36;1mSQL (245.4ms)[0m   [0;1mCREATE TABLE "users" ("id" INTEGER PRIMARY KEY AUTOINCREMENT NOT NULL, "login" varchar(40), "name" varchar(100) DEFAULT '', "email" varchar(100), "crypted_password" varchar(40), "salt" varchar(40), "created_at" datetime, "updated_at" datetime, "remember_token" varchar(40), "remember_token_expires_at" datetime) [0m
  [4;35;1mSQL (198.3ms)[0m   [0mCREATE UNIQUE INDEX "index_users_on_login" ON "users" ("login")[0m
  [4;36;1mSQL (0.6ms)[0m   [0;1m SELECT name
 FROM sqlite_master
 WHERE type = 'table' AND NOT name = 'sqlite_sequence'
[0m
  [4;35;1mSQL (159.0ms)[0m   [0mCREATE TABLE "schema_migrations" ("version" varchar(255) NOT NULL) [0m
  [4;36;1mSQL (127.6ms)[0m   [0;1mCREATE UNIQUE INDEX "unique_schema_migrations" ON "schema_migrations" ("version")[0m
  [4;35;1mSQL (0.7ms)[0m   [0m SELECT name
 FROM sqlite_master
 WHERE type = 'table' AND NOT name = 'sqlite_sequence'
[0m
  [4;36;1mSQL (0.3ms)[0m   [0;1mSELECT version FROM "schema_migrations"[0m
  [4;35;1mSQL (273.8ms)[0m   [0mINSERT INTO "schema_migrations" (version) VALUES ('20100213113945')[0m
  [4;36;1mSQL (0.7ms)[0m   [0;1m SELECT name
 FROM sqlite_master
 WHERE type = 'table' AND NOT name = 'sqlite_sequence'
[0m
  [4;35;1mSQL (0.2ms)[0m   [0mSELECT version FROM schema_migrations[0m
  [4;36;1mSQL (0.3ms)[0m   [0;1mselect sqlite_version(*)[0m
  [4;35;1mSQL (0.4ms)[0m   [0m SELECT name
 FROM sqlite_master
 WHERE type = 'table' AND NOT name = 'sqlite_sequence'
[0m
  [4;36;1mSQL (199.3ms)[0m   [0;1mCREATE TABLE "users" ("id" INTEGER PRIMARY KEY AUTOINCREMENT NOT NULL, "login" varchar(40), "name" varchar(100) DEFAULT '', "email" varchar(100), "crypted_password" varchar(40), "salt" varchar(40), "created_at" datetime, "updated_at" datetime, "remember_token" varchar(40), "remember_token_expires_at" datetime) [0m
  [4;35;1mSQL (232.9ms)[0m   [0mCREATE UNIQUE INDEX "index_users_on_login" ON "users" ("login")[0m
  [4;36;1mSQL (0.6ms)[0m   [0;1m SELECT name
 FROM sqlite_master
 WHERE type = 'table' AND NOT name = 'sqlite_sequence'
[0m
  [4;35;1mSQL (153.8ms)[0m   [0mCREATE TABLE "schema_migrations" ("version" varchar(255) NOT NULL) [0m
  [4;36;1mSQL (145.1ms)[0m   [0;1mCREATE UNIQUE INDEX "unique_schema_migrations" ON "schema_migrations" ("version")[0m
  [4;35;1mSQL (0.6ms)[0m   [0m SELECT name
 FROM sqlite_master
 WHERE type = 'table' AND NOT name = 'sqlite_sequence'
[0m
  [4;36;1mSQL (0.2ms)[0m   [0;1mSELECT version FROM "schema_migrations"[0m
  [4;35;1mSQL (56.1ms)[0m   [0mINSERT INTO "schema_migrations" (version) VALUES ('20100213113945')[0m
  [4;36;1mSQL (0.8ms)[0m   [0;1m SELECT name
 FROM sqlite_master
 WHERE type = 'table' AND NOT name = 'sqlite_sequence'
[0m
  [4;35;1mSQL (0.2ms)[0m   [0mSELECT version FROM schema_migrations[0m
  [4;36;1mSQL (0.2ms)[0m   [0;1mselect sqlite_version(*)[0m
  [4;35;1mSQL (0.3ms)[0m   [0m SELECT name
 FROM sqlite_master
 WHERE type = 'table' AND NOT name = 'sqlite_sequence'
[0m
  [4;36;1mSQL (216.0ms)[0m   [0;1mCREATE TABLE "users" ("id" INTEGER PRIMARY KEY AUTOINCREMENT NOT NULL, "login" varchar(40), "name" varchar(100) DEFAULT '', "email" varchar(100), "crypted_password" varchar(40), "salt" varchar(40), "created_at" datetime, "updated_at" datetime, "remember_token" varchar(40), "remember_token_expires_at" datetime) [0m
  [4;35;1mSQL (295.2ms)[0m   [0mCREATE UNIQUE INDEX "index_users_on_login" ON "users" ("login")[0m
  [4;36;1mSQL (0.6ms)[0m   [0;1m SELECT name
 FROM sqlite_master
 WHERE type = 'table' AND NOT name = 'sqlite_sequence'
[0m
  [4;35;1mSQL (177.5ms)[0m   [0mCREATE TABLE "schema_migrations" ("version" varchar(255) NOT NULL) [0m
  [4;36;1mSQL (122.8ms)[0m   [0;1mCREATE UNIQUE INDEX "unique_schema_migrations" ON "schema_migrations" ("version")[0m
  [4;35;1mSQL (0.7ms)[0m   [0m SELECT name
 FROM sqlite_master
 WHERE type = 'table' AND NOT name = 'sqlite_sequence'
[0m
  [4;36;1mSQL (0.3ms)[0m   [0;1mSELECT version FROM "schema_migrations"[0m
  [4;35;1mSQL (76.8ms)[0m   [0mINSERT INTO "schema_migrations" (version) VALUES ('20100213113945')[0m
  [4;36;1mSQL (0.7ms)[0m   [0;1m SELECT name
 FROM sqlite_master
 WHERE type = 'table' AND NOT name = 'sqlite_sequence'
[0m
  [4;35;1mSQL (0.3ms)[0m   [0mSELECT version FROM schema_migrations[0m
  [4;36;1mSQL (0.3ms)[0m   [0;1mselect sqlite_version(*)[0m
  [4;35;1mSQL (0.4ms)[0m   [0m SELECT name
 FROM sqlite_master
 WHERE type = 'table' AND NOT name = 'sqlite_sequence'
[0m
  [4;36;1mSQL (221.1ms)[0m   [0;1mCREATE TABLE "users" ("id" INTEGER PRIMARY KEY AUTOINCREMENT NOT NULL, "login" varchar(40), "name" varchar(100) DEFAULT '', "email" varchar(100), "crypted_password" varchar(40), "salt" varchar(40), "created_at" datetime, "updated_at" datetime, "remember_token" varchar(40), "remember_token_expires_at" datetime) [0m
  [4;35;1mSQL (181.4ms)[0m   [0mCREATE UNIQUE INDEX "index_users_on_login" ON "users" ("login")[0m
  [4;36;1mSQL (0.5ms)[0m   [0;1m SELECT name
 FROM sqlite_master
 WHERE type = 'table' AND NOT name = 'sqlite_sequence'
[0m
  [4;35;1mSQL (251.9ms)[0m   [0mCREATE TABLE "schema_migrations" ("version" varchar(255) NOT NULL) [0m
  [4;36;1mSQL (232.9ms)[0m   [0;1mCREATE UNIQUE INDEX "unique_schema_migrations" ON "schema_migrations" ("version")[0m
  [4;35;1mSQL (0.5ms)[0m   [0m SELECT name
 FROM sqlite_master
 WHERE type = 'table' AND NOT name = 'sqlite_sequence'
[0m
  [4;36;1mSQL (0.2ms)[0m   [0;1mSELECT version FROM "schema_migrations"[0m
  [4;35;1mSQL (168.6ms)[0m   [0mINSERT INTO "schema_migrations" (version) VALUES ('20100213113945')[0m
  [4;36;1mSQL (0.8ms)[0m   [0;1m SELECT name
 FROM sqlite_master
 WHERE type = 'table' AND NOT name = 'sqlite_sequence'
[0m
  [4;35;1mSQL (0.3ms)[0m   [0mSELECT version FROM schema_migrations[0m
  [4;36;1mSQL (0.3ms)[0m   [0;1mselect sqlite_version(*)[0m
  [4;35;1mSQL (0.6ms)[0m   [0m SELECT name
 FROM sqlite_master
 WHERE type = 'table' AND NOT name = 'sqlite_sequence'
[0m
  [4;36;1mSQL (150.3ms)[0m   [0;1mCREATE TABLE "users" ("id" INTEGER PRIMARY KEY AUTOINCREMENT NOT NULL, "login" varchar(40), "name" varchar(100) DEFAULT '', "email" varchar(100), "crypted_password" varchar(40), "salt" varchar(40), "created_at" datetime, "updated_at" datetime, "remember_token" varchar(40), "remember_token_expires_at" datetime) [0m
  [4;35;1mSQL (159.6ms)[0m   [0mCREATE UNIQUE INDEX "index_users_on_login" ON "users" ("login")[0m
  [4;36;1mSQL (0.3ms)[0m   [0;1m SELECT name
 FROM sqlite_master
 WHERE type = 'table' AND NOT name = 'sqlite_sequence'
[0m
  [4;35;1mSQL (234.5ms)[0m   [0mCREATE TABLE "schema_migrations" ("version" varchar(255) NOT NULL) [0m
  [4;36;1mSQL (224.3ms)[0m   [0;1mCREATE UNIQUE INDEX "unique_schema_migrations" ON "schema_migrations" ("version")[0m
  [4;35;1mSQL (0.7ms)[0m   [0m SELECT name
 FROM sqlite_master
 WHERE type = 'table' AND NOT name = 'sqlite_sequence'
[0m
  [4;36;1mSQL (0.3ms)[0m   [0;1mSELECT version FROM "schema_migrations"[0m
  [4;35;1mSQL (54.3ms)[0m   [0mINSERT INTO "schema_migrations" (version) VALUES ('20100213113945')[0m


Processing UsersController#new (for 127.0.0.1 at 2010-02-13 07:19:20) [GET]
  Parameters: {"action"=>"new", "controller"=>"users"}
Rendering template within layouts/application
Rendering users/new
Completed in 32ms (View: 14, DB: 0) | 200 OK [http://lo/users/new]


Processing UsersController#new (for 127.0.0.1 at 2010-02-13 07:20:03) [GET]
  Parameters: {"action"=>"new", "controller"=>"users"}
Rendering template within layouts/application
Rendering users/new
Completed in 100ms (View: 87, DB: 0) | 200 OK [http://lo/users/new]


Processing UsersController#new (for 127.0.0.1 at 2010-02-13 07:20:09) [GET]
  Parameters: {"action"=>"new", "controller"=>"users"}
Rendering template within layouts/application
Rendering users/new
Completed in 29ms (View: 13, DB: 0) | 200 OK [http://lo/users/new]


Processing UsersController#new (for 127.0.0.1 at 2010-02-13 07:20:55) [GET]
  Parameters: {"action"=>"new", "controller"=>"users"}
Rendering template within layouts/application
Rendering users/new
Completed in 113ms (View: 14, DB: 0) | 200 OK [http://lo/users/new]


Processing UsersController#new (for 127.0.0.1 at 2010-02-13 07:21:07) [GET]
  Parameters: {"action"=>"new", "controller"=>"users"}
Rendering template within layouts/application
Rendering users/new
Completed in 22ms (View: 8, DB: 0) | 200 OK [http://lo/users/new]


Processing UsersController#new (for 127.0.0.1 at 2010-02-13 07:21:08) [GET]
  Parameters: {"action"=>"new", "controller"=>"users"}
Rendering template within layouts/application
Rendering users/new
Completed in 22ms (View: 8, DB: 0) | 200 OK [http://lo/users/new]


Processing UsersController#new (for 127.0.0.1 at 2010-02-13 07:21:16) [GET]
  Parameters: {"action"=>"new", "controller"=>"users"}
Rendering template within layouts/application
Rendering users/new
Completed in 54ms (View: 38, DB: 0) | 200 OK [http://lo/users/new]


Processing UsersController#new (for 127.0.0.1 at 2010-02-13 07:21:52) [GET]
  Parameters: {"action"=>"new", "controller"=>"users"}
Rendering template within layouts/application
Rendering users/new
Completed in 35ms (View: 8, DB: 0) | 200 OK [http://lo/users/new]


Processing UsersController#new (for 127.0.0.1 at 2010-02-13 07:22:17) [GET]
  Parameters: {"action"=>"new", "controller"=>"users"}
Rendering template within layouts/application
Rendering users/new
Completed in 22ms (View: 8, DB: 0) | 200 OK [http://lo/users/new]


Processing ApplicationController#index (for 127.0.0.1 at 2010-02-13 07:22:25) [GET]

ActionController::RoutingError (No route matches "/layout.html" with {:method=>:get}):
  

Rendering rescues/layout (not_found)
  [4;36;1mSQL (0.8ms)[0m   [0;1m SELECT name
 FROM sqlite_master
 WHERE type = 'table' AND NOT name = 'sqlite_sequence'
[0m
  [4;35;1mSQL (0.3ms)[0m   [0mSELECT version FROM schema_migrations[0m
  [4;36;1mSQL (0.2ms)[0m   [0;1mselect sqlite_version(*)[0m
  [4;35;1mSQL (0.5ms)[0m   [0m SELECT name
 FROM sqlite_master
 WHERE type = 'table' AND NOT name = 'sqlite_sequence'
[0m
  [4;36;1mSQL (252.8ms)[0m   [0;1mCREATE TABLE "users" ("id" INTEGER PRIMARY KEY AUTOINCREMENT NOT NULL, "login" varchar(40), "name" varchar(100) DEFAULT '', "email" varchar(100), "crypted_password" varchar(40), "salt" varchar(40), "created_at" datetime, "updated_at" datetime, "remember_token" varchar(40), "remember_token_expires_at" datetime) [0m
  [4;35;1mSQL (229.0ms)[0m   [0mCREATE UNIQUE INDEX "index_users_on_login" ON "users" ("login")[0m
  [4;36;1mSQL (0.5ms)[0m   [0;1m SELECT name
 FROM sqlite_master
 WHERE type = 'table' AND NOT name = 'sqlite_sequence'
[0m
  [4;35;1mSQL (260.4ms)[0m   [0mCREATE TABLE "schema_migrations" ("version" varchar(255) NOT NULL) [0m
  [4;36;1mSQL (0.0ms)[0m   [0;1mInterrupt: : CREATE UNIQUE INDEX "unique_schema_migrations" ON "schema_migrations" ("version")[0m
  [4;36;1mSQL (0.8ms)[0m   [0;1m SELECT name
 FROM sqlite_master
 WHERE type = 'table' AND NOT name = 'sqlite_sequence'
[0m
  [4;35;1mSQL (0.3ms)[0m   [0mSELECT version FROM schema_migrations[0m
  [4;36;1mSQL (0.3ms)[0m   [0;1mselect sqlite_version(*)[0m
  [4;35;1mSQL (0.4ms)[0m   [0m SELECT name
 FROM sqlite_master
 WHERE type = 'table' AND NOT name = 'sqlite_sequence'
[0m
  [4;36;1mSQL (97.4ms)[0m   [0;1mCREATE TABLE "users" ("id" INTEGER PRIMARY KEY AUTOINCREMENT NOT NULL, "login" varchar(40), "name" varchar(100) DEFAULT '', "email" varchar(100), "crypted_password" varchar(40), "salt" varchar(40), "created_at" datetime, "updated_at" datetime, "remember_token" varchar(40), "remember_token_expires_at" datetime) [0m
  [4;35;1mSQL (78.2ms)[0m   [0mCREATE UNIQUE INDEX "index_users_on_login" ON "users" ("login")[0m
  [4;36;1mSQL (0.4ms)[0m   [0;1m SELECT name
 FROM sqlite_master
 WHERE type = 'table' AND NOT name = 'sqlite_sequence'
[0m
  [4;35;1mSQL (109.6ms)[0m   [0mCREATE TABLE "schema_migrations" ("version" varchar(255) NOT NULL) [0m
  [4;36;1mSQL (177.4ms)[0m   [0;1mCREATE UNIQUE INDEX "unique_schema_migrations" ON "schema_migrations" ("version")[0m
  [4;35;1mSQL (0.5ms)[0m   [0m SELECT name
 FROM sqlite_master
 WHERE type = 'table' AND NOT name = 'sqlite_sequence'
[0m
  [4;36;1mSQL (0.2ms)[0m   [0;1mSELECT version FROM "schema_migrations"[0m
  [4;35;1mSQL (96.6ms)[0m   [0mINSERT INTO "schema_migrations" (version) VALUES ('20100213113945')[0m
/!\ FAILSAFE /!\  Sat Feb 13 07:26:00 -0500 2010
  Status: 500 Internal Server Error
  /home/nilbus/Dropbox/git/pestsupply/app/helpers/application_helper.rb:6: syntax error, unexpected tIDENTIFIER, expecting kDO or '{' or '('
      link_to name, path, :class => current_nav(name) +
                  ^
/home/nilbus/Dropbox/git/pestsupply/app/helpers/application_helper.rb:6: syntax error, unexpected tASSOC, expecting tCOLON2 or '[' or '.'
      link_to name, path, :class => current_nav(name) +
                                   ^
    /usr/lib/ruby/gems/1.8/gems/activesupport-2.3.5/lib/active_support/dependencies.rb:380:in `load_without_new_constant_marking'
    /usr/lib/ruby/gems/1.8/gems/activesupport-2.3.5/lib/active_support/dependencies.rb:380:in `load_file'
    /usr/lib/ruby/gems/1.8/gems/activesupport-2.3.5/lib/active_support/dependencies.rb:521:in `new_constants_in'
    /usr/lib/ruby/gems/1.8/gems/activesupport-2.3.5/lib/active_support/dependencies.rb:379:in `load_file'
    /usr/lib/ruby/gems/1.8/gems/activesupport-2.3.5/lib/active_support/dependencies.rb:259:in `require_or_load'
    /usr/lib/ruby/gems/1.8/gems/activesupport-2.3.5/lib/active_support/dependencies.rb:224:in `depend_on'
    /usr/lib/ruby/gems/1.8/gems/activesupport-2.3.5/lib/active_support/dependencies.rb:136:in `require_dependency'
    /usr/lib/ruby/gems/1.8/gems/actionpack-2.3.5/lib/action_controller/helpers.rb:197:in `default_helper_module!'
    /usr/lib/ruby/gems/1.8/gems/actionpack-2.3.5/lib/action_controller/helpers.rb:212:in `__send__'
    /usr/lib/ruby/gems/1.8/gems/actionpack-2.3.5/lib/action_controller/helpers.rb:212:in `inherited'
    /home/nilbus/Dropbox/git/pestsupply/app/controllers/application_controller.rb:4
    /usr/lib/ruby/gems/1.8/gems/activesupport-2.3.5/lib/active_support/dependencies.rb:380:in `load_without_new_constant_marking'
    /usr/lib/ruby/gems/1.8/gems/activesupport-2.3.5/lib/active_support/dependencies.rb:380:in `load_file'
    /usr/lib/ruby/gems/1.8/gems/activesupport-2.3.5/lib/active_support/dependencies.rb:521:in `new_constants_in'
    /usr/lib/ruby/gems/1.8/gems/activesupport-2.3.5/lib/active_support/dependencies.rb:379:in `load_file'
    /usr/lib/ruby/gems/1.8/gems/activesupport-2.3.5/lib/active_support/dependencies.rb:259:in `require_or_load'
    /usr/lib/ruby/gems/1.8/gems/activesupport-2.3.5/lib/active_support/dependencies.rb:425:in `load_missing_constant'
    /usr/lib/ruby/gems/1.8/gems/activesupport-2.3.5/lib/active_support/dependencies.rb:80:in `const_missing'
    /usr/lib/ruby/gems/1.8/gems/activesupport-2.3.5/lib/active_support/dependencies.rb:92:in `const_missing'
    /usr/lib/ruby/gems/1.8/gems/actionpack-2.3.5/lib/action_controller/dispatcher.rb:89:in `dispatch'
    /usr/lib/ruby/gems/1.8/gems/actionpack-2.3.5/lib/action_controller/dispatcher.rb:121:in `_call'
    /usr/lib/ruby/gems/1.8/gems/actionpack-2.3.5/lib/action_controller/dispatcher.rb:130:in `build_middleware_stack'
    /usr/lib/ruby/gems/1.8/gems/activerecord-2.3.5/lib/active_record/query_cache.rb:29:in `call'
    /usr/lib/ruby/gems/1.8/gems/activerecord-2.3.5/lib/active_record/query_cache.rb:29:in `call'
    /usr/lib/ruby/gems/1.8/gems/activerecord-2.3.5/lib/active_record/connection_adapters/abstract/query_cache.rb:34:in `cache'
    /usr/lib/ruby/gems/1.8/gems/activerecord-2.3.5/lib/active_record/query_cache.rb:9:in `cache'
    /usr/lib/ruby/gems/1.8/gems/activerecord-2.3.5/lib/active_record/query_cache.rb:28:in `call'
    /usr/lib/ruby/gems/1.8/gems/activerecord-2.3.5/lib/active_record/connection_adapters/abstract/connection_pool.rb:361:in `call'
    /usr/lib/ruby/gems/1.8/gems/actionpack-2.3.5/lib/action_controller/string_coercion.rb:25:in `call'
    /usr/lib/ruby/gems/1.8/gems/rack-1.0.1/lib/rack/head.rb:9:in `call'
    /usr/lib/ruby/gems/1.8/gems/rack-1.0.1/lib/rack/methodoverride.rb:24:in `call'
    /usr/lib/ruby/gems/1.8/gems/actionpack-2.3.5/lib/action_controller/params_parser.rb:15:in `call'
    /usr/lib/ruby/gems/1.8/gems/actionpack-2.3.5/lib/action_controller/session/cookie_store.rb:93:in `call'
    /usr/lib/ruby/gems/1.8/gems/actionpack-2.3.5/lib/action_controller/failsafe.rb:26:in `call'
    /usr/lib/ruby/gems/1.8/gems/rack-1.0.1/lib/rack/lock.rb:11:in `call'
    /usr/lib/ruby/gems/1.8/gems/rack-1.0.1/lib/rack/lock.rb:11:in `synchronize'
    /usr/lib/ruby/gems/1.8/gems/rack-1.0.1/lib/rack/lock.rb:11:in `call'
    /usr/lib/ruby/gems/1.8/gems/actionpack-2.3.5/lib/action_controller/dispatcher.rb:114:in `call'
    /usr/lib/ruby/gems/1.8/gems/actionpack-2.3.5/lib/action_controller/reloader.rb:34:in `run'
    /usr/lib/ruby/gems/1.8/gems/actionpack-2.3.5/lib/action_controller/dispatcher.rb:108:in `call'
    /usr/lib/ruby/gems/1.8/gems/rails-2.3.5/lib/rails/rack/static.rb:31:in `call'
    /usr/lib/ruby/gems/1.8/gems/rack-1.0.1/lib/rack/urlmap.rb:46:in `call'
    /usr/lib/ruby/gems/1.8/gems/rack-1.0.1/lib/rack/urlmap.rb:40:in `each'
    /usr/lib/ruby/gems/1.8/gems/rack-1.0.1/lib/rack/urlmap.rb:40:in `call'
    /usr/lib/ruby/gems/1.8/gems/rails-2.3.5/lib/rails/rack/log_tailer.rb:17:in `call'
    /usr/lib/ruby/gems/1.8/gems/rack-1.0.1/lib/rack/content_length.rb:13:in `call'
    /usr/lib/ruby/gems/1.8/gems/rack-1.0.1/lib/rack/chunked.rb:15:in `call'
    /usr/lib/ruby/gems/1.8/gems/rack-1.0.1/lib/rack/handler/mongrel.rb:64:in `process'
    /usr/lib/ruby/gems/1.8/gems/mongrel-1.1.5/lib/mongrel.rb:159:in `process_client'
    /usr/lib/ruby/gems/1.8/gems/mongrel-1.1.5/lib/mongrel.rb:158:in `each'
    /usr/lib/ruby/gems/1.8/gems/mongrel-1.1.5/lib/mongrel.rb:158:in `process_client'
    /usr/lib/ruby/gems/1.8/gems/mongrel-1.1.5/lib/mongrel.rb:285:in `run'
    /usr/lib/ruby/gems/1.8/gems/mongrel-1.1.5/lib/mongrel.rb:285:in `initialize'
    /usr/lib/ruby/gems/1.8/gems/mongrel-1.1.5/lib/mongrel.rb:285:in `new'
    /usr/lib/ruby/gems/1.8/gems/mongrel-1.1.5/lib/mongrel.rb:285:in `run'
    /usr/lib/ruby/gems/1.8/gems/mongrel-1.1.5/lib/mongrel.rb:268:in `initialize'
    /usr/lib/ruby/gems/1.8/gems/mongrel-1.1.5/lib/mongrel.rb:268:in `new'
    /usr/lib/ruby/gems/1.8/gems/mongrel-1.1.5/lib/mongrel.rb:268:in `run'
    /usr/lib/ruby/gems/1.8/gems/rack-1.0.1/lib/rack/handler/mongrel.rb:34:in `run'
    /usr/lib/ruby/gems/1.8/gems/rails-2.3.5/lib/commands/server.rb:111
    /usr/local/lib/site_ruby/1.8/rubygems/custom_require.rb:31:in `gem_original_require'
    /usr/local/lib/site_ruby/1.8/rubygems/custom_require.rb:31:in `require'
    script/server:3
/!\ FAILSAFE /!\  Sat Feb 13 07:26:01 -0500 2010
  Status: 500 Internal Server Error
  /home/nilbus/Dropbox/git/pestsupply/app/helpers/application_helper.rb:6: syntax error, unexpected tIDENTIFIER, expecting kDO or '{' or '('
      link_to name, path, :class => current_nav(name) +
                  ^
/home/nilbus/Dropbox/git/pestsupply/app/helpers/application_helper.rb:6: syntax error, unexpected tASSOC, expecting tCOLON2 or '[' or '.'
      link_to name, path, :class => current_nav(name) +
                                   ^
    /usr/lib/ruby/gems/1.8/gems/activesupport-2.3.5/lib/active_support/dependencies.rb:380:in `load_without_new_constant_marking'
    /usr/lib/ruby/gems/1.8/gems/activesupport-2.3.5/lib/active_support/dependencies.rb:380:in `load_file'
    /usr/lib/ruby/gems/1.8/gems/activesupport-2.3.5/lib/active_support/dependencies.rb:521:in `new_constants_in'
    /usr/lib/ruby/gems/1.8/gems/activesupport-2.3.5/lib/active_support/dependencies.rb:379:in `load_file'
    /usr/lib/ruby/gems/1.8/gems/activesupport-2.3.5/lib/active_support/dependencies.rb:259:in `require_or_load'
    /usr/lib/ruby/gems/1.8/gems/activesupport-2.3.5/lib/active_support/dependencies.rb:224:in `depend_on'
    /usr/lib/ruby/gems/1.8/gems/activesupport-2.3.5/lib/active_support/dependencies.rb:136:in `require_dependency'
    /usr/lib/ruby/gems/1.8/gems/actionpack-2.3.5/lib/action_controller/helpers.rb:197:in `default_helper_module!'
    /usr/lib/ruby/gems/1.8/gems/actionpack-2.3.5/lib/action_controller/helpers.rb:212:in `__send__'
    /usr/lib/ruby/gems/1.8/gems/actionpack-2.3.5/lib/action_controller/helpers.rb:212:in `inherited'
    /home/nilbus/Dropbox/git/pestsupply/app/controllers/application_controller.rb:4
    /usr/lib/ruby/gems/1.8/gems/activesupport-2.3.5/lib/active_support/dependencies.rb:380:in `load_without_new_constant_marking'
    /usr/lib/ruby/gems/1.8/gems/activesupport-2.3.5/lib/active_support/dependencies.rb:380:in `load_file'
    /usr/lib/ruby/gems/1.8/gems/activesupport-2.3.5/lib/active_support/dependencies.rb:521:in `new_constants_in'
    /usr/lib/ruby/gems/1.8/gems/activesupport-2.3.5/lib/active_support/dependencies.rb:379:in `load_file'
    /usr/lib/ruby/gems/1.8/gems/activesupport-2.3.5/lib/active_support/dependencies.rb:259:in `require_or_load'
    /usr/lib/ruby/gems/1.8/gems/activesupport-2.3.5/lib/active_support/dependencies.rb:425:in `load_missing_constant'
    /usr/lib/ruby/gems/1.8/gems/activesupport-2.3.5/lib/active_support/dependencies.rb:80:in `const_missing'
    /usr/lib/ruby/gems/1.8/gems/activesupport-2.3.5/lib/active_support/dependencies.rb:92:in `const_missing'
    /usr/lib/ruby/gems/1.8/gems/actionpack-2.3.5/lib/action_controller/dispatcher.rb:89:in `dispatch'
    /usr/lib/ruby/gems/1.8/gems/actionpack-2.3.5/lib/action_controller/dispatcher.rb:121:in `_call'
    /usr/lib/ruby/gems/1.8/gems/actionpack-2.3.5/lib/action_controller/dispatcher.rb:130:in `build_middleware_stack'
    /usr/lib/ruby/gems/1.8/gems/activerecord-2.3.5/lib/active_record/query_cache.rb:29:in `call'
    /usr/lib/ruby/gems/1.8/gems/activerecord-2.3.5/lib/active_record/query_cache.rb:29:in `call'
    /usr/lib/ruby/gems/1.8/gems/activerecord-2.3.5/lib/active_record/connection_adapters/abstract/query_cache.rb:34:in `cache'
    /usr/lib/ruby/gems/1.8/gems/activerecord-2.3.5/lib/active_record/query_cache.rb:9:in `cache'
    /usr/lib/ruby/gems/1.8/gems/activerecord-2.3.5/lib/active_record/query_cache.rb:28:in `call'
    /usr/lib/ruby/gems/1.8/gems/activerecord-2.3.5/lib/active_record/connection_adapters/abstract/connection_pool.rb:361:in `call'
    /usr/lib/ruby/gems/1.8/gems/actionpack-2.3.5/lib/action_controller/string_coercion.rb:25:in `call'
    /usr/lib/ruby/gems/1.8/gems/rack-1.0.1/lib/rack/head.rb:9:in `call'
    /usr/lib/ruby/gems/1.8/gems/rack-1.0.1/lib/rack/methodoverride.rb:24:in `call'
    /usr/lib/ruby/gems/1.8/gems/actionpack-2.3.5/lib/action_controller/params_parser.rb:15:in `call'
    /usr/lib/ruby/gems/1.8/gems/actionpack-2.3.5/lib/action_controller/session/cookie_store.rb:93:in `call'
    /usr/lib/ruby/gems/1.8/gems/actionpack-2.3.5/lib/action_controller/failsafe.rb:26:in `call'
    /usr/lib/ruby/gems/1.8/gems/rack-1.0.1/lib/rack/lock.rb:11:in `call'
    /usr/lib/ruby/gems/1.8/gems/rack-1.0.1/lib/rack/lock.rb:11:in `synchronize'
    /usr/lib/ruby/gems/1.8/gems/rack-1.0.1/lib/rack/lock.rb:11:in `call'
    /usr/lib/ruby/gems/1.8/gems/actionpack-2.3.5/lib/action_controller/dispatcher.rb:114:in `call'
    /usr/lib/ruby/gems/1.8/gems/actionpack-2.3.5/lib/action_controller/reloader.rb:34:in `run'
    /usr/lib/ruby/gems/1.8/gems/actionpack-2.3.5/lib/action_controller/dispatcher.rb:108:in `call'
    /usr/lib/ruby/gems/1.8/gems/rails-2.3.5/lib/rails/rack/static.rb:31:in `call'
    /usr/lib/ruby/gems/1.8/gems/rack-1.0.1/lib/rack/urlmap.rb:46:in `call'
    /usr/lib/ruby/gems/1.8/gems/rack-1.0.1/lib/rack/urlmap.rb:40:in `each'
    /usr/lib/ruby/gems/1.8/gems/rack-1.0.1/lib/rack/urlmap.rb:40:in `call'
    /usr/lib/ruby/gems/1.8/gems/rails-2.3.5/lib/rails/rack/log_tailer.rb:17:in `call'
    /usr/lib/ruby/gems/1.8/gems/rack-1.0.1/lib/rack/content_length.rb:13:in `call'
    /usr/lib/ruby/gems/1.8/gems/rack-1.0.1/lib/rack/chunked.rb:15:in `call'
    /usr/lib/ruby/gems/1.8/gems/rack-1.0.1/lib/rack/handler/mongrel.rb:64:in `process'
    /usr/lib/ruby/gems/1.8/gems/mongrel-1.1.5/lib/mongrel.rb:159:in `process_client'
    /usr/lib/ruby/gems/1.8/gems/mongrel-1.1.5/lib/mongrel.rb:158:in `each'
    /usr/lib/ruby/gems/1.8/gems/mongrel-1.1.5/lib/mongrel.rb:158:in `process_client'
    /usr/lib/ruby/gems/1.8/gems/mongrel-1.1.5/lib/mongrel.rb:285:in `run'
    /usr/lib/ruby/gems/1.8/gems/mongrel-1.1.5/lib/mongrel.rb:285:in `initialize'
    /usr/lib/ruby/gems/1.8/gems/mongrel-1.1.5/lib/mongrel.rb:285:in `new'
    /usr/lib/ruby/gems/1.8/gems/mongrel-1.1.5/lib/mongrel.rb:285:in `run'
    /usr/lib/ruby/gems/1.8/gems/mongrel-1.1.5/lib/mongrel.rb:268:in `initialize'
    /usr/lib/ruby/gems/1.8/gems/mongrel-1.1.5/lib/mongrel.rb:268:in `new'
    /usr/lib/ruby/gems/1.8/gems/mongrel-1.1.5/lib/mongrel.rb:268:in `run'
    /usr/lib/ruby/gems/1.8/gems/rack-1.0.1/lib/rack/handler/mongrel.rb:34:in `run'
    /usr/lib/ruby/gems/1.8/gems/rails-2.3.5/lib/commands/server.rb:111
    /usr/local/lib/site_ruby/1.8/rubygems/custom_require.rb:31:in `gem_original_require'
    /usr/local/lib/site_ruby/1.8/rubygems/custom_require.rb:31:in `require'
    script/server:3


Processing UsersController#new (for 127.0.0.1 at 2010-02-13 07:26:28) [GET]
  Parameters: {"action"=>"new", "controller"=>"users"}
Rendering template within layouts/application
Rendering users/new
Completed in 28ms (View: 15, DB: 0) | 200 OK [http://lo/users/new]
  [4;36;1mSQL (0.8ms)[0m   [0;1m SELECT name
 FROM sqlite_master
 WHERE type = 'table' AND NOT name = 'sqlite_sequence'
[0m
  [4;35;1mSQL (0.3ms)[0m   [0mSELECT version FROM schema_migrations[0m
  [4;36;1mSQL (0.3ms)[0m   [0;1mselect sqlite_version(*)[0m
  [4;35;1mSQL (0.4ms)[0m   [0m SELECT name
 FROM sqlite_master
 WHERE type = 'table' AND NOT name = 'sqlite_sequence'
[0m
  [4;36;1mSQL (130.9ms)[0m   [0;1mCREATE TABLE "users" ("id" INTEGER PRIMARY KEY AUTOINCREMENT NOT NULL, "login" varchar(40), "name" varchar(100) DEFAULT '', "email" varchar(100), "crypted_password" varchar(40), "salt" varchar(40), "created_at" datetime, "updated_at" datetime, "remember_token" varchar(40), "remember_token_expires_at" datetime) [0m
  [4;35;1mSQL (116.8ms)[0m   [0mCREATE UNIQUE INDEX "index_users_on_login" ON "users" ("login")[0m
  [4;36;1mSQL (0.4ms)[0m   [0;1m SELECT name
 FROM sqlite_master
 WHERE type = 'table' AND NOT name = 'sqlite_sequence'
[0m
  [4;35;1mSQL (274.8ms)[0m   [0mCREATE TABLE "schema_migrations" ("version" varchar(255) NOT NULL) [0m
  [4;36;1mSQL (287.7ms)[0m   [0;1mCREATE UNIQUE INDEX "unique_schema_migrations" ON "schema_migrations" ("version")[0m
  [4;35;1mSQL (0.4ms)[0m   [0m SELECT name
 FROM sqlite_master
 WHERE type = 'table' AND NOT name = 'sqlite_sequence'
[0m
  [4;36;1mSQL (0.1ms)[0m   [0;1mSELECT version FROM "schema_migrations"[0m
  [4;35;1mSQL (136.9ms)[0m   [0mINSERT INTO "schema_migrations" (version) VALUES ('20100213113945')[0m


Processing UsersController#new (for 127.0.0.1 at 2010-02-13 07:28:33) [GET]
  Parameters: {"action"=>"new", "controller"=>"users"}
Rendering template within layouts/application
Rendering users/new
Completed in 28ms (View: 14, DB: 0) | 200 OK [http://lo/users/new]


Processing UsersController#new (for 127.0.0.1 at 2010-02-13 07:28:35) [GET]
  Parameters: {"action"=>"new", "controller"=>"users"}
Rendering template within layouts/application
Rendering users/new
Completed in 124ms (View: 10, DB: 0) | 200 OK [http://lo/signup]


Processing UsersController#new (for 127.0.0.1 at 2010-02-13 09:06:12) [GET]
  Parameters: {"action"=>"new", "controller"=>"users"}
Rendering template within layouts/application
Rendering users/new
Completed in 27ms (View: 13, DB: 0) | 200 OK [http://lo/signup]


Processing HomeController#index (for 127.0.0.1 at 2010-02-13 14:48:46) [GET]
  Parameters: {"only"=>:show, "action"=>"index", "controller"=>"home"}

ActionController::UnknownAction (No action responded to index. Actions: set_default_section and show):
  haml (2.2.15) rails/./lib/sass/plugin/rails.rb:19:in `process'

Rendering rescues/layout (not_found)


Processing HomeController#show (for 127.0.0.1 at 2010-02-13 14:49:15) [GET]
  Parameters: {"action"=>"show", "controller"=>"home"}
Rendering template within layouts/application
Rendering home/show
Completed in 94ms (View: 91, DB: 0) | 200 OK [http://lo/]


Processing HomeController#show (for 127.0.0.1 at 2010-02-13 14:52:48) [GET]
  Parameters: {"action"=>"show", "controller"=>"home"}
Rendering template within layouts/application
Rendering home/show
Completed in 10ms (View: 7, DB: 0) | 200 OK [http://lo/]


Processing HomeController#show (for 127.0.0.1 at 2010-02-13 14:52:58) [GET]
  Parameters: {"action"=>"show", "controller"=>"home"}
Rendering template within layouts/application
Rendering home/show
Completed in 10ms (View: 7, DB: 0) | 200 OK [http://lo/]


Processing HomeController#show (for 127.0.0.1 at 2010-02-13 14:56:02) [GET]
  Parameters: {"action"=>"show", "controller"=>"home"}
Rendering template within layouts/application
Rendering home/show
Completed in 12ms (View: 6, DB: 0) | 200 OK [http://lo/]


Processing HomeController#show (for 127.0.0.1 at 2010-02-13 14:56:21) [GET]
  Parameters: {"action"=>"show", "controller"=>"home"}
Rendering template within layouts/application
Rendering home/show
Completed in 10ms (View: 6, DB: 0) | 200 OK [http://lo/]


Processing HomeController#show (for 127.0.0.1 at 2010-02-13 14:56:29) [GET]
  Parameters: {"action"=>"show", "controller"=>"home"}
Rendering template within layouts/application
Rendering home/show
Completed in 9ms (View: 6, DB: 0) | 200 OK [http://lo/]


Processing HomeController#show (for 127.0.0.1 at 2010-02-13 22:12:46) [GET]
  Parameters: {"action"=>"show", "controller"=>"home"}
Rendering template within layouts/application
Rendering home/show
Completed in 533ms (View: 330, DB: 0) | 200 OK [http://lo/]


Processing HomeController#show (for 127.0.0.1 at 2010-02-13 22:17:26) [GET]
  Parameters: {"action"=>"show", "controller"=>"home"}
Rendering template within layouts/application
Rendering home/show
Completed in 2041ms (View: 1974, DB: 0) | 200 OK [http://lo/]


Processing HomeController#show (for 127.0.0.1 at 2010-02-13 22:17:53) [GET]
  Parameters: {"action"=>"show", "controller"=>"home"}
Rendering template within layouts/application
Rendering home/show
Completed in 9ms (View: 7, DB: 0) | 200 OK [http://lo/]


Processing HomeController#show (for 127.0.0.1 at 2010-02-13 22:18:45) [GET]
  Parameters: {"action"=>"show", "controller"=>"home"}
Rendering template within layouts/application
Rendering home/show
Completed in 11ms (View: 6, DB: 0) | 200 OK [http://lo/]


Processing HomeController#show (for 127.0.0.1 at 2010-02-13 22:19:28) [GET]
  Parameters: {"action"=>"show", "controller"=>"home"}
Rendering template within layouts/application
Rendering home/show
Completed in 14ms (View: 11, DB: 0) | 200 OK [http://lo/]


Processing HomeController#show (for 127.0.0.1 at 2010-02-13 22:19:37) [GET]
  Parameters: {"action"=>"show", "controller"=>"home"}
Rendering template within layouts/application
Rendering home/show
Completed in 10ms (View: 7, DB: 0) | 200 OK [http://lo/]


Processing HomeController#show (for 127.0.0.1 at 2010-02-13 22:36:13) [GET]
  Parameters: {"action"=>"show", "controller"=>"home"}
Rendering template within layouts/application
Rendering home/show
Completed in 90ms (View: 87, DB: 0) | 200 OK [http://lo/]


Processing HomeController#show (for 127.0.0.1 at 2010-02-13 22:36:23) [GET]
  Parameters: {"action"=>"show", "controller"=>"home"}
Rendering template within layouts/application
Rendering home/show
Completed in 10ms (View: 7, DB: 0) | 200 OK [http://lo/]


Processing HomeController#show (for 127.0.0.1 at 2010-02-13 22:36:29) [GET]
  Parameters: {"action"=>"show", "controller"=>"home"}
Rendering template within layouts/application
Rendering home/show
Completed in 13ms (View: 10, DB: 0) | 200 OK [http://lo/]


Processing HomeController#show (for 127.0.0.1 at 2010-02-13 22:36:36) [GET]
  Parameters: {"action"=>"show", "controller"=>"home"}
Rendering template within layouts/application
Rendering home/show
Completed in 9ms (View: 6, DB: 0) | 200 OK [http://lo/]


Processing HomeController#show (for 127.0.0.1 at 2010-02-13 22:36:45) [GET]
  Parameters: {"action"=>"show", "controller"=>"home"}
Rendering template within layouts/application
Rendering home/show
Completed in 9ms (View: 6, DB: 0) | 200 OK [http://lo/]


Processing HomeController#show (for 127.0.0.1 at 2010-02-13 22:37:21) [GET]
  Parameters: {"action"=>"show", "controller"=>"home"}
Rendering template within layouts/application
Rendering home/show
Completed in 9ms (View: 6, DB: 0) | 200 OK [http://lo/]


Processing HomeController#show (for 127.0.0.1 at 2010-02-13 22:37:26) [GET]
  Parameters: {"action"=>"show", "controller"=>"home"}
Rendering template within layouts/application
Rendering home/show
Completed in 11ms (View: 7, DB: 0) | 200 OK [http://lo/]


Processing HomeController#show (for 127.0.0.1 at 2010-02-13 22:39:14) [GET]
  Parameters: {"action"=>"show", "controller"=>"home"}
Rendering template within layouts/application
Rendering home/show
Completed in 9ms (View: 6, DB: 0) | 200 OK [http://lo/]


Processing HomeController#show (for 127.0.0.1 at 2010-02-13 22:39:24) [GET]
  Parameters: {"action"=>"show", "controller"=>"home"}
Rendering template within layouts/application
Rendering home/show
Completed in 11ms (View: 8, DB: 0) | 200 OK [http://lo/]


Processing HomeController#show (for 127.0.0.1 at 2010-02-13 22:39:50) [GET]
  Parameters: {"action"=>"show", "controller"=>"home"}
Rendering template within layouts/application
Rendering home/show
Completed in 9ms (View: 6, DB: 0) | 200 OK [http://lo/]


Processing HomeController#show (for 127.0.0.1 at 2010-02-13 22:41:11) [GET]
  Parameters: {"action"=>"show", "controller"=>"home"}
Rendering template within layouts/application
Rendering home/show
Completed in 12ms (View: 10, DB: 0) | 200 OK [http://lo/]


Processing HomeController#show (for 127.0.0.1 at 2010-02-13 22:43:31) [GET]
  Parameters: {"action"=>"show", "controller"=>"home"}
Rendering template within layouts/application
Rendering home/show
Completed in 12ms (View: 9, DB: 0) | 200 OK [http://lo/]


Processing UsersController#new (for 127.0.0.1 at 2010-02-13 22:44:26) [GET]
  Parameters: {"action"=>"new", "controller"=>"users"}
Rendering template within layouts/application
Rendering users/new

ActionView::TemplateError (undefined local variable or method `users_path' for #<ActionView::Base:0x7ff768128ec0>) on line #5 of app/views/users/new.html.erb:
2: <% @user.password = @user.password_confirmation = nil %>
3: 
4: <%= error_messages_for :user %>
5: <% form_for :user, :url => users_path do |f| -%>
6: <p><%= label_tag 'login' %><br/>
7: <%= f.text_field :login %></p>
8: 

    app/views/users/new.html.erb:5
    haml (2.2.15) lib/haml/helpers/action_view_mods.rb:13:in `render'
    haml (2.2.15) lib/haml/helpers/action_view_mods.rb:13:in `render'
    haml (2.2.15) rails/./lib/sass/plugin/rails.rb:19:in `process'

Rendered rescues/_trace (59.3ms)
Rendered rescues/_request_and_response (1.8ms)
Rendering rescues/layout (internal_server_error)


Processing HomeController#show (for 127.0.0.1 at 2010-02-13 22:47:03) [GET]
  Parameters: {"action"=>"show", "controller"=>"home"}
Rendering template within layouts/application
Rendering home/show
Completed in 10ms (View: 7, DB: 0) | 200 OK [http://lo/]


Processing UsersController#new (for 127.0.0.1 at 2010-02-13 22:47:24) [GET]
  Parameters: {"action"=>"new", "controller"=>"users"}
Rendering template within layouts/application
Rendering users/new
Completed in 23ms (View: 8, DB: 0) | 200 OK [http://lo/signup]


Processing HomeController#show (for 127.0.0.1 at 2010-02-13 22:47:37) [GET]
  Parameters: {"action"=>"show", "controller"=>"home"}
Rendering template within layouts/application
Rendering home/show
Completed in 5ms (View: 2, DB: 0) | 200 OK [http://lo/]


Processing UsersController#new (for 127.0.0.1 at 2010-02-13 22:47:37) [GET]
  Parameters: {"action"=>"new", "controller"=>"users"}
Rendering template within layouts/application
Rendering users/new
Completed in 21ms (View: 8, DB: 0) | 200 OK [http://lo/signup]


Processing HomeController#show (for 127.0.0.1 at 2010-02-13 22:47:38) [GET]
  Parameters: {"action"=>"show", "controller"=>"home"}
Rendering template within layouts/application
Rendering home/show
Completed in 5ms (View: 2, DB: 0) | 200 OK [http://lo/]


Processing ApplicationController#index (for 127.0.0.1 at 2010-02-13 22:47:59) [GET]

ActionController::RoutingError (No route matches "/prices" with {:method=>:get}):
  

Rendering rescues/layout (not_found)


Processing UsersController#index (for 127.0.0.1 at 2010-02-13 22:48:03) [GET]
  Parameters: {"action"=>"index", "controller"=>"users"}

ActionController::UnknownAction (No action responded to index. Actions: create, new, and set_default_section):
  haml (2.2.15) rails/./lib/sass/plugin/rails.rb:19:in `process'

Rendering rescues/layout (not_found)


Processing HomeController#show (for 127.0.0.1 at 2010-02-13 22:50:31) [GET]
  Parameters: {"action"=>"show", "controller"=>"home"}
Rendering template within layouts/application
Rendering home/show
Completed in 10ms (View: 7, DB: 0) | 200 OK [http://lo/]


Processing HomeController#show (for 127.0.0.1 at 2010-02-13 22:50:46) [GET]
  Parameters: {"action"=>"show", "controller"=>"home"}
Rendering template within layouts/application
Rendering home/show
Completed in 5ms (View: 2, DB: 0) | 200 OK [http://lo/]


Processing HomeController#show (for 127.0.0.1 at 2010-02-13 22:51:52) [GET]
  Parameters: {"action"=>"show", "controller"=>"home"}
Rendering template within layouts/application
Rendering home/show

ActionView::TemplateError (undefined local variable or method `align' for #<ActionView::Base:0x7ff767ecc6b8>) on line #19 of app/views/layouts/application.html.erb:
16: 
17:   <div id="navigation">
18:     <ul>
19:       <%= nav_for 'Home', '/' %>
20:       <%= nav_for 'Join', '/signup' %>
21:       <%= nav_for 'Supply Prices', '/prices' %>
22:       <%= nav_for 'Manage Customers', '/users', :align => 'right' %>

    app/helpers/application_helper.rb:6:in `nav_for'
    app/views/layouts/application.html.erb:19
    haml (2.2.15) lib/haml/helpers/action_view_mods.rb:13:in `render'
    haml (2.2.15) lib/haml/helpers/action_view_mods.rb:13:in `render'
    haml (2.2.15) rails/./lib/sass/plugin/rails.rb:19:in `process'

Rendered rescues/_trace (72.9ms)
Rendered rescues/_request_and_response (0.4ms)
Rendering rescues/layout (internal_server_error)


Processing HomeController#show (for 127.0.0.1 at 2010-02-13 22:52:15) [GET]
  Parameters: {"action"=>"show", "controller"=>"home"}
Rendering template within layouts/application
Rendering home/show
Completed in 4ms (View: 2, DB: 0) | 200 OK [http://lo/]


Processing UsersController#new (for 127.0.0.1 at 2010-02-14 08:19:11) [GET]
  Parameters: {"action"=>"new", "controller"=>"users"}
Rendering template within layouts/application
Rendering users/new
Completed in 20ms (View: 7, DB: 0) | 200 OK [http://lo/signup]


Processing ApplicationController#index (for 127.0.0.1 at 2010-02-14 08:19:14) [GET]

ActionController::RoutingError (No route matches "/prices" with {:method=>:get}):
  

Rendering rescues/layout (not_found)


Processing UsersController#new (for 127.0.0.1 at 2010-02-14 08:19:17) [GET]
  Parameters: {"action"=>"new", "controller"=>"users"}
Rendering template within layouts/application
Rendering users/new
Completed in 25ms (View: 8, DB: 0) | 200 OK [http://lo/signup]


Processing HomeController#show (for 127.0.0.1 at 2010-02-14 08:19:18) [GET]
  Parameters: {"action"=>"show", "controller"=>"home"}
Rendering template within layouts/application
Rendering home/show
Completed in 5ms (View: 2, DB: 0) | 200 OK [http://lo/]


Processing UsersController#new (for 127.0.0.1 at 2010-02-14 08:19:19) [GET]
  Parameters: {"action"=>"new", "controller"=>"users"}
Rendering template within layouts/application
Rendering users/new
Completed in 22ms (View: 8, DB: 0) | 200 OK [http://lo/signup]


Processing HomeController#show (for 127.0.0.1 at 2010-02-15 22:52:14) [GET]
  Parameters: {"action"=>"show", "controller"=>"home"}
Rendering template within layouts/application
Rendering home/show
Completed in 308ms (View: 305, DB: 0) | 200 OK [http://lo/]


Processing UsersController#new (for 127.0.0.1 at 2010-02-15 22:57:23) [GET]
  Parameters: {"action"=>"new", "controller"=>"users"}
Rendering template within layouts/application
Rendering users/new
Completed in 210ms (View: 120, DB: 0) | 200 OK [http://lo/signup]


Processing HomeController#show (for 127.0.0.1 at 2010-02-15 23:03:48) [GET]
  Parameters: {"action"=>"show", "controller"=>"home"}
Rendering template within layouts/application
Rendering home/show
Completed in 17ms (View: 15, DB: 0) | 200 OK [http://lo/]


Processing UsersController#new (for 127.0.0.1 at 2010-02-15 23:04:02) [GET]
  Parameters: {"action"=>"new", "controller"=>"users"}
Rendering template within layouts/application
Rendering users/new
Completed in 26ms (View: 11, DB: 0) | 200 OK [http://lo/signup]


Processing HomeController#show (for 127.0.0.1 at 2010-02-15 23:04:04) [GET]
  Parameters: {"action"=>"show", "controller"=>"home"}
Rendering template within layouts/application
Rendering home/show
Completed in 4ms (View: 1, DB: 0) | 200 OK [http://lo/]


Processing HomeController#show (for 127.0.0.1 at 2010-02-15 23:04:04) [GET]
  Parameters: {"action"=>"show", "controller"=>"home"}
Rendering template within layouts/application
Rendering home/show
Completed in 6ms (View: 3, DB: 0) | 200 OK [http://lo/]


Processing UsersController#new (for 127.0.0.1 at 2010-02-15 23:04:05) [GET]
  Parameters: {"action"=>"new", "controller"=>"users"}
Rendering template within layouts/application
Rendering users/new
Completed in 22ms (View: 7, DB: 0) | 200 OK [http://lo/signup]


Processing UsersController#create (for 127.0.0.1 at 2010-02-15 23:04:06) [POST]
  Parameters: {"commit"=>"Sign up", "action"=>"create", "authenticity_token"=>"cvoch3QQs2xmq5PlfTQ9SYUPpuuAxwdcudUlzBtmGQU=", "controller"=>"users", "user"=>{"password_confirmation"=>"[FILTERED]", "password"=>"[FILTERED]", "login"=>"", "email"=>""}}
  [4;36;1mUser Load (0.2ms)[0m   [0;1mSELECT "users".id FROM "users" WHERE ("users"."login" = '') LIMIT 1[0m
  [4;35;1mUser Load (0.2ms)[0m   [0mSELECT "users".id FROM "users" WHERE ("users"."email" = '') LIMIT 1[0m
Rendering template within layouts/application
Rendering users/new
Completed in 129ms (View: 108, DB: 0) | 200 OK [http://lo/users]


Processing UsersController#new (for 127.0.0.1 at 2010-02-15 23:05:17) [GET]
  Parameters: {"action"=>"new", "controller"=>"users"}
Rendering template within layouts/application
Rendering users/new
Completed in 22ms (View: 8, DB: 0) | 200 OK [http://lo/signup]


Processing ApplicationController#index (for 127.0.0.1 at 2010-02-15 23:05:18) [GET]

ActionController::RoutingError (No route matches "/prices" with {:method=>:get}):
  

Rendering rescues/layout (not_found)


Processing HomeController#show (for 127.0.0.1 at 2010-02-15 23:06:06) [GET]
  Parameters: {"action"=>"show", "controller"=>"home"}
Rendering template within layouts/application
Rendering home/show
Completed in 10ms (View: 7, DB: 0) | 200 OK [http://lo/]


Processing HomeController#show (for 127.0.0.1 at 2010-02-15 23:23:53) [GET]
  Parameters: {"action"=>"show", "controller"=>"home"}
Rendering template within layouts/application
Rendering home/show
Completed in 10ms (View: 7, DB: 0) | 200 OK [http://lo/]


Processing HomeController#show (for 127.0.0.1 at 2010-02-15 23:24:11) [GET]
  Parameters: {"action"=>"show", "controller"=>"home"}
Rendering template within layouts/application
Rendering home/show
Completed in 87ms (View: 84, DB: 0) | 200 OK [http://lo/]


Processing HomeController#show (for 127.0.0.1 at 2010-02-15 23:24:17) [GET]
  Parameters: {"action"=>"show", "controller"=>"home"}
Rendering template within layouts/application
Rendering home/show
Completed in 10ms (View: 7, DB: 0) | 200 OK [http://lo/]


Processing HomeController#show (for 127.0.0.1 at 2010-02-15 23:24:26) [GET]
  Parameters: {"action"=>"show", "controller"=>"home"}
Rendering template within layouts/application
Rendering home/show
Completed in 9ms (View: 6, DB: 0) | 200 OK [http://lo/]


Processing HomeController#show (for 127.0.0.1 at 2010-02-15 23:24:37) [GET]
  Parameters: {"action"=>"show", "controller"=>"home"}
Rendering template within layouts/application
Rendering home/show
Completed in 11ms (View: 8, DB: 0) | 200 OK [http://lo/]


Processing HomeController#show (for 127.0.0.1 at 2010-02-15 23:24:46) [GET]
  Parameters: {"action"=>"show", "controller"=>"home"}
Rendering template within layouts/application
Rendering home/show
Completed in 9ms (View: 6, DB: 0) | 200 OK [http://lo/]


Processing HomeController#show (for 127.0.0.1 at 2010-02-15 23:24:53) [GET]
  Parameters: {"action"=>"show", "controller"=>"home"}
Rendering template within layouts/application
Rendering home/show
Completed in 10ms (View: 7, DB: 0) | 200 OK [http://lo/]


Processing HomeController#show (for 127.0.0.1 at 2010-02-15 23:24:55) [GET]
  Parameters: {"action"=>"show", "controller"=>"home"}
Rendering template within layouts/application
Rendering home/show
Completed in 11ms (View: 8, DB: 0) | 200 OK [http://lo/]


Processing HomeController#show (for 127.0.0.1 at 2010-02-15 23:25:09) [GET]
  Parameters: {"action"=>"show", "controller"=>"home"}
Rendering template within layouts/application
Rendering home/show
Completed in 11ms (View: 7, DB: 0) | 200 OK [http://lo/]


Processing HomeController#show (for 127.0.0.1 at 2010-02-15 23:25:39) [GET]
  Parameters: {"action"=>"show", "controller"=>"home"}
Rendering template within layouts/application
Rendering home/show
Completed in 18ms (View: 15, DB: 0) | 200 OK [http://lo/]


Processing HomeController#show (for 127.0.0.1 at 2010-02-15 23:25:52) [GET]
  Parameters: {"action"=>"show", "controller"=>"home"}
Rendering template within layouts/application
Rendering home/show
Completed in 9ms (View: 6, DB: 0) | 200 OK [http://lo/]


Processing HomeController#show (for 127.0.0.1 at 2010-02-15 23:26:04) [GET]
  Parameters: {"action"=>"show", "controller"=>"home"}
Rendering template within layouts/application
Rendering home/show
Completed in 10ms (View: 6, DB: 0) | 200 OK [http://lo/]


Processing HomeController#show (for 127.0.0.1 at 2010-02-15 23:26:29) [GET]
  Parameters: {"action"=>"show", "controller"=>"home"}
Rendering template within layouts/application
Rendering home/show
Completed in 11ms (View: 7, DB: 0) | 200 OK [http://lo/]


Processing HomeController#show (for 127.0.0.1 at 2010-02-15 23:26:53) [GET]
  Parameters: {"action"=>"show", "controller"=>"home"}
Rendering template within layouts/application
Rendering home/show
Completed in 11ms (View: 7, DB: 0) | 200 OK [http://lo/]


Processing HomeController#show (for 127.0.0.1 at 2010-02-15 23:27:50) [GET]
  Parameters: {"action"=>"show", "controller"=>"home"}
Rendering template within layouts/application
Rendering home/show
Completed in 10ms (View: 7, DB: 0) | 200 OK [http://lo/]


Processing HomeController#show (for 127.0.0.1 at 2010-02-15 23:34:14) [GET]
  Parameters: {"action"=>"show", "controller"=>"home"}
Rendering template within layouts/application
Rendering home/show
Completed in 13ms (View: 7, DB: 0) | 200 OK [http://lo/]


Processing HomeController#show (for 127.0.0.1 at 2010-02-15 23:35:32) [GET]
  Parameters: {"action"=>"show", "controller"=>"home"}
Rendering template within layouts/application
Rendering home/show
Completed in 16ms (View: 13, DB: 0) | 200 OK [http://lo/]


Processing HomeController#show (for 127.0.0.1 at 2010-02-15 23:36:00) [GET]
  Parameters: {"action"=>"show", "controller"=>"home"}
Rendering template within layouts/application
Rendering home/show
Completed in 13ms (View: 10, DB: 0) | 200 OK [http://lo/]


Processing HomeController#show (for 127.0.0.1 at 2010-02-15 23:36:13) [GET]
  Parameters: {"action"=>"show", "controller"=>"home"}
Rendering template within layouts/application
Rendering home/show
Completed in 11ms (View: 8, DB: 0) | 200 OK [http://lo/]


Processing HomeController#show (for 127.0.0.1 at 2010-02-15 23:36:32) [GET]
  Parameters: {"action"=>"show", "controller"=>"home"}
Rendering template within layouts/application
Rendering home/show
Completed in 16ms (View: 13, DB: 0) | 200 OK [http://lo/]


Processing HomeController#show (for 127.0.0.1 at 2010-02-15 23:36:51) [GET]
  Parameters: {"action"=>"show", "controller"=>"home"}
Rendering template within layouts/application
Rendering home/show
Completed in 10ms (View: 7, DB: 0) | 200 OK [http://lo/]


Processing HomeController#show (for 127.0.0.1 at 2010-02-15 23:36:57) [GET]
  Parameters: {"action"=>"show", "controller"=>"home"}
Rendering template within layouts/application
Rendering home/show
Completed in 5ms (View: 2, DB: 0) | 200 OK [http://lo/]


Processing HomeController#show (for 127.0.0.1 at 2010-02-15 23:38:17) [GET]
  Parameters: {"action"=>"show", "controller"=>"home"}
Rendering template within layouts/application
Rendering home/show
Completed in 13ms (View: 10, DB: 0) | 200 OK [http://lo/]


Processing HomeController#show (for 127.0.0.1 at 2010-02-15 23:38:36) [GET]
  Parameters: {"action"=>"show", "controller"=>"home"}
Rendering template within layouts/application
Rendering home/show
Completed in 12ms (View: 8, DB: 0) | 200 OK [http://lo/]


Processing HomeController#show (for 127.0.0.1 at 2010-02-15 23:42:09) [GET]
  Parameters: {"action"=>"show", "controller"=>"home"}
Rendering template within layouts/application
Rendering home/show

ActionView::TemplateError (undefined local variable or method `prices_path' for #<ActionView::Base:0x7ffaac1f5e38>) on line #10 of app/views/home/show.html.erb:
7: </h5>
8: 
9: <h5>
10:   Take a look at some <%= link_to 'supply prices', prices_path %> to get a sample of what we do best.
11: </h5>
12: 
13: <div style="border: solid black 1px; width: 400px; height: 250px; text-align: center;">

    app/views/home/show.html.erb:10
    haml (2.2.15) lib/haml/helpers/action_view_mods.rb:13:in `render'
    haml (2.2.15) lib/haml/helpers/action_view_mods.rb:13:in `render'
    haml (2.2.15) rails/./lib/sass/plugin/rails.rb:19:in `process'

Rendered rescues/_trace (59.2ms)
Rendered rescues/_request_and_response (5.1ms)
Rendering rescues/layout (internal_server_error)


Processing HomeController#show (for 127.0.0.1 at 2010-02-15 23:45:21) [GET]
  Parameters: {"action"=>"show", "controller"=>"home"}
Rendering template within layouts/application
Rendering home/show
Completed in 11ms (View: 8, DB: 0) | 200 OK [http://lo/]


Processing UsersController#new (for 127.0.0.1 at 2010-02-15 23:45:30) [GET]
  Parameters: {"action"=>"new", "controller"=>"users"}
Rendering template within layouts/application
Rendering users/new
Completed in 24ms (View: 11, DB: 0) | 200 OK [http://lo/users/new]


Processing HomeController#show (for 127.0.0.1 at 2010-02-15 23:46:12) [GET]
  Parameters: {"action"=>"show", "controller"=>"home"}
Rendering template within layouts/application
Rendering home/show
Completed in 10ms (View: 7, DB: 0) | 200 OK [http://lo/]


Processing HomeController#show (for 127.0.0.1 at 2010-02-15 23:47:42) [GET]
  Parameters: {"action"=>"show", "controller"=>"home"}
Rendering template within layouts/application
Rendering home/show
Completed in 5ms (View: 2, DB: 0) | 200 OK [http://lo/]


Processing HomeController#show (for 127.0.0.1 at 2010-02-15 23:52:14) [GET]
  Parameters: {"action"=>"show", "controller"=>"home"}
Rendering template within layouts/application
Rendering home/show
Completed in 6ms (View: 3, DB: 0) | 200 OK [http://lo/]


Processing HomeController#show (for 127.0.0.1 at 2010-02-15 23:52:50) [GET]
  Parameters: {"action"=>"show", "controller"=>"home"}
Rendering template within layouts/application
Rendering home/show
Completed in 8ms (View: 2, DB: 0) | 200 OK [http://lo/]


Processing HomeController#show (for 127.0.0.1 at 2010-02-15 23:53:12) [GET]
  Parameters: {"action"=>"show", "controller"=>"home"}
Rendering template within layouts/application
Rendering home/show
Completed in 6ms (View: 3, DB: 0) | 200 OK [http://lo/]


Processing HomeController#show (for 127.0.0.1 at 2010-02-15 23:53:30) [GET]
  Parameters: {"action"=>"show", "controller"=>"home"}
Rendering template within layouts/application
Rendering home/show
Completed in 5ms (View: 2, DB: 0) | 200 OK [http://lo/]


Processing HomeController#show (for 127.0.0.1 at 2010-02-15 23:53:40) [GET]
  Parameters: {"action"=>"show", "controller"=>"home"}
Rendering template within layouts/application
Rendering home/show
Completed in 6ms (View: 3, DB: 0) | 200 OK [http://lo/]


Processing HomeController#show (for 127.0.0.1 at 2010-02-15 23:54:10) [GET]
  Parameters: {"action"=>"show", "controller"=>"home"}
Rendering template within layouts/application
Rendering home/show
Completed in 6ms (View: 3, DB: 0) | 200 OK [http://lo/]


Processing HomeController#show (for 127.0.0.1 at 2010-02-15 23:54:42) [GET]
  Parameters: {"action"=>"show", "controller"=>"home"}
Rendering template within layouts/application
Rendering home/show
Completed in 10ms (View: 7, DB: 0) | 200 OK [http://lo/]


Processing ApplicationController#index (for 127.0.0.1 at 2010-02-15 23:54:43) [GET]

ActionController::RoutingError (No route matches "/prices" with {:method=>:get}):
  

Rendering rescues/layout (not_found)


Processing UsersController#new (for 127.0.0.1 at 2010-02-15 23:54:51) [GET]
  Parameters: {"action"=>"new", "controller"=>"users"}
Rendering template within layouts/application
Rendering users/new
Completed in 25ms (View: 10, DB: 0) | 200 OK [http://lo/signup]


Processing UsersController#new (for 127.0.0.1 at 2010-02-15 23:56:59) [GET]
  Parameters: {"action"=>"new", "controller"=>"users"}
Rendering template within layouts/application
Rendering users/new
Completed in 27ms (View: 13, DB: 0) | 200 OK [http://lo/signup]


Processing UsersController#new (for 127.0.0.1 at 2010-02-15 23:57:07) [GET]
  Parameters: {"action"=>"new", "controller"=>"users"}
Rendering template within layouts/application
Rendering users/new
Completed in 35ms (View: 12, DB: 0) | 200 OK [http://lo/signup]


Processing UsersController#new (for 127.0.0.1 at 2010-02-15 23:57:10) [GET]
  Parameters: {"action"=>"new", "controller"=>"users"}
Rendering template within layouts/application
Rendering users/new
Completed in 29ms (View: 14, DB: 0) | 200 OK [http://lo/signup]


Processing UsersController#new (for 127.0.0.1 at 2010-02-15 23:57:56) [GET]
  Parameters: {"action"=>"new", "controller"=>"users"}
Rendering template within layouts/application
Rendering users/new
Completed in 28ms (View: 13, DB: 0) | 200 OK [http://lo/signup]


Processing UsersController#new (for 127.0.0.1 at 2010-02-16 00:00:11) [GET]
  Parameters: {"action"=>"new", "controller"=>"users"}
Rendering template within layouts/application
Rendering users/new
Completed in 27ms (View: 14, DB: 0) | 200 OK [http://lo/signup]


Processing UsersController#new (for 127.0.0.1 at 2010-02-16 00:00:20) [GET]
  Parameters: {"action"=>"new", "controller"=>"users"}
Rendering template within layouts/application
Rendering users/new
Completed in 106ms (View: 14, DB: 0) | 200 OK [http://lo/signup]


Processing UsersController#new (for 127.0.0.1 at 2010-02-16 00:00:47) [GET]
  Parameters: {"action"=>"new", "controller"=>"users"}
Rendering template within layouts/application
Rendering users/new
Completed in 23ms (View: 8, DB: 0) | 200 OK [http://lo/signup]


Processing HomeController#show (for 127.0.0.1 at 2010-02-16 00:00:49) [GET]
  Parameters: {"action"=>"show", "controller"=>"home"}
Rendering template within layouts/application
Rendering home/show
Completed in 6ms (View: 3, DB: 0) | 200 OK [http://lo/]


Processing UsersController#new (for 127.0.0.1 at 2010-02-16 00:01:03) [GET]
  Parameters: {"action"=>"new", "controller"=>"users"}
Rendering template within layouts/application
Rendering users/new
Completed in 25ms (View: 12, DB: 0) | 200 OK [http://lo/signup]


Processing UsersController#new (for 127.0.0.1 at 2010-02-16 00:01:26) [GET]
  Parameters: {"action"=>"new", "controller"=>"users"}
Rendering template within layouts/application
Rendering users/new
Completed in 106ms (View: 91, DB: 0) | 200 OK [http://lo/signup]


Processing UsersController#create (for 127.0.0.1 at 2010-02-16 00:01:47) [POST]
  Parameters: {"commit"=>"Continue to Payment", "action"=>"create", "authenticity_token"=>"cvoch3QQs2xmq5PlfTQ9SYUPpuuAxwdcudUlzBtmGQU=", "controller"=>"users", "user"=>{"password_confirmation"=>"[FILTERED]", "password"=>"[FILTERED]", "login"=>"", "email"=>""}}
  [4;36;1mUser Load (0.3ms)[0m   [0;1mSELECT "users".id FROM "users" WHERE ("users"."login" = '') LIMIT 1[0m
  [4;35;1mUser Load (0.1ms)[0m   [0mSELECT "users".id FROM "users" WHERE ("users"."email" = '') LIMIT 1[0m
Rendering template within layouts/application
Rendering users/new
Completed in 61ms (View: 38, DB: 0) | 200 OK [http://lo/users]


Processing UsersController#create (for 127.0.0.1 at 2010-02-16 00:02:02) [POST]
  Parameters: {"commit"=>"Continue to Payment", "action"=>"create", "authenticity_token"=>"cvoch3QQs2xmq5PlfTQ9SYUPpuuAxwdcudUlzBtmGQU=", "controller"=>"users", "user"=>{"password_confirmation"=>"[FILTERED]", "password"=>"[FILTERED]", "login"=>"nilbus", "email"=>"nilbus@nilbus.com"}}
  [4;36;1mUser Load (0.4ms)[0m   [0;1mSELECT "users".id FROM "users" WHERE ("users"."login" = 'nilbus') LIMIT 1[0m
  [4;35;1mUser Load (0.3ms)[0m   [0mSELECT "users".id FROM "users" WHERE ("users"."email" = 'nilbus@nilbus.com') LIMIT 1[0m
Rendering template within layouts/application
Rendering users/new
Completed in 34ms (View: 13, DB: 1) | 200 OK [http://lo/users]


Processing UsersController#create (for 127.0.0.1 at 2010-02-16 00:02:12) [POST]
  Parameters: {"commit"=>"Continue to Payment", "action"=>"create", "authenticity_token"=>"cvoch3QQs2xmq5PlfTQ9SYUPpuuAxwdcudUlzBtmGQU=", "controller"=>"users", "user"=>{"password_confirmation"=>"[FILTERED]", "password"=>"[FILTERED]", "login"=>"nilbusf", "email"=>"nilbus@nilbus.comf"}}
  [4;36;1mUser Load (0.3ms)[0m   [0;1mSELECT "users".id FROM "users" WHERE ("users"."login" = 'nilbusf') LIMIT 1[0m
  [4;35;1mUser Load (0.2ms)[0m   [0mSELECT "users".id FROM "users" WHERE ("users"."email" = 'nilbus@nilbus.comf') LIMIT 1[0m
Rendering template within layouts/application
Rendering users/new
Completed in 112ms (View: 92, DB: 0) | 200 OK [http://lo/users]


Processing UsersController#create (for 127.0.0.1 at 2010-02-16 00:02:20) [POST]
  Parameters: {"commit"=>"Continue to Payment", "action"=>"create", "authenticity_token"=>"cvoch3QQs2xmq5PlfTQ9SYUPpuuAxwdcudUlzBtmGQU=", "controller"=>"users", "user"=>{"password_confirmation"=>"[FILTERED]", "password"=>"[FILTERED]", "login"=>"nilbusf", "email"=>"nilbus@fnilbus.com"}}
  [4;36;1mUser Load (0.2ms)[0m   [0;1mSELECT "users".id FROM "users" WHERE ("users"."login" = 'nilbusf') LIMIT 1[0m
  [4;35;1mUser Load (0.2ms)[0m   [0mSELECT "users".id FROM "users" WHERE ("users"."email" = 'nilbus@fnilbus.com') LIMIT 1[0m
  [4;36;1mUser Create (0.6ms)[0m   [0;1mINSERT INTO "users" ("name", "salt", "created_at", "crypted_password", "remember_token_expires_at", "updated_at", "remember_token", "login", "email") VALUES('', 'fc0a0fa56ff5efe2e7362d9e2f7b663290c1c488', '2010-02-16 05:02:20', '2047ad3a0099c2b45653b02701b888f7849fc4ff', NULL, '2010-02-16 05:02:20', NULL, 'nilbusf', 'nilbus@fnilbus.com')[0m
Redirected to http://lo:3001/
Completed in 103ms (DB: 1) | 302 Found [http://lo/users]


Processing HomeController#show (for 127.0.0.1 at 2010-02-16 00:02:20) [GET]
  Parameters: {"action"=>"show", "controller"=>"home"}
Rendering template within layouts/application
Rendering home/show
Completed in 5ms (View: 2, DB: 0) | 200 OK [http://lo/]
  [4;36;1mUser Load (1.2ms)[0m   [0;1mSELECT * FROM "users" [0m
  [4;35;1mUser Load (1.0ms)[0m   [0mSELECT * FROM "users" [0m
  [4;36;1mUser Destroy (0.6ms)[0m   [0;1mDELETE FROM "users" WHERE "id" = 1[0m
  [4;35;1mUser Destroy (0.4ms)[0m   [0mDELETE FROM "users" WHERE "id" = 2[0m


Processing UsersController#new (for 127.0.0.1 at 2010-02-16 00:02:43) [GET]
  Parameters: {"action"=>"new", "controller"=>"users"}
Rendering template within layouts/application
Rendering users/new
Completed in 28ms (View: 9, DB: 0) | 200 OK [http://lo/signup]


Processing UsersController#create (for 127.0.0.1 at 2010-02-16 00:02:50) [POST]
  Parameters: {"commit"=>"Continue to Payment", "action"=>"create", "authenticity_token"=>"cvoch3QQs2xmq5PlfTQ9SYUPpuuAxwdcudUlzBtmGQU=", "controller"=>"users", "user"=>{"password_confirmation"=>"[FILTERED]", "password"=>"[FILTERED]", "login"=>"nilbus", "email"=>"nilbus@nilbus.com"}}
  [4;35;1mUser Load (0.2ms)[0m   [0mSELECT "users".id FROM "users" WHERE ("users"."login" = 'nilbus') LIMIT 1[0m
  [4;36;1mUser Load (0.1ms)[0m   [0;1mSELECT "users".id FROM "users" WHERE ("users"."email" = 'nilbus@nilbus.com') LIMIT 1[0m
  [4;35;1mUser Create (0.4ms)[0m   [0mINSERT INTO "users" ("name", "salt", "created_at", "crypted_password", "remember_token_expires_at", "updated_at", "remember_token", "login", "email") VALUES('', 'c97d24d806f62e24176b66ddc7425b8033f530a8', '2010-02-16 05:02:50', 'b22f4b0f728ef61294553fa7ef3d0832455f3f6b', NULL, '2010-02-16 05:02:50', NULL, 'nilbus', 'nilbus@nilbus.com')[0m
Redirected to http://lo:3001/
Completed in 237ms (DB: 1) | 302 Found [http://lo/users]


Processing HomeController#show (for 127.0.0.1 at 2010-02-16 00:02:51) [GET]
  Parameters: {"action"=>"show", "controller"=>"home"}
Rendering template within layouts/application
Rendering home/show
Completed in 6ms (View: 3, DB: 0) | 200 OK [http://lo/]


Processing HomeController#show (for 127.0.0.1 at 2010-02-16 00:03:54) [GET]
  Parameters: {"action"=>"show", "controller"=>"home"}
Rendering template within layouts/application
Rendering home/show
Completed in 13ms (View: 10, DB: 0) | 200 OK [http://lo/]


Processing HomeController#show (for 127.0.0.1 at 2010-02-16 00:04:21) [GET]
  Parameters: {"action"=>"show", "controller"=>"home"}
Rendering template within layouts/application
Rendering home/show
Completed in 11ms (View: 8, DB: 0) | 200 OK [http://lo/]


Processing HomeController#show (for 127.0.0.1 at 2010-02-16 00:04:31) [GET]
  Parameters: {"action"=>"show", "controller"=>"home"}
Rendering template within layouts/application
Rendering home/show
Completed in 11ms (View: 8, DB: 0) | 200 OK [http://lo/]


Processing HomeController#show (for 127.0.0.1 at 2010-02-16 00:04:42) [GET]
  Parameters: {"action"=>"show", "controller"=>"home"}
Rendering template within layouts/application
Rendering home/show
Completed in 11ms (View: 8, DB: 0) | 200 OK [http://lo/]


Processing HomeController#show (for 127.0.0.1 at 2010-02-16 00:04:49) [GET]
  Parameters: {"action"=>"show", "controller"=>"home"}
Rendering template within layouts/application
Rendering home/show
Completed in 12ms (View: 8, DB: 0) | 200 OK [http://lo/]


Processing HomeController#show (for 127.0.0.1 at 2010-02-16 00:05:07) [GET]
  Parameters: {"action"=>"show", "controller"=>"home"}
Rendering template within layouts/application
Rendering home/show
Completed in 13ms (View: 9, DB: 0) | 200 OK [http://lo/]


Processing HomeController#show (for 127.0.0.1 at 2010-02-16 00:05:11) [GET]
  Parameters: {"action"=>"show", "controller"=>"home"}
Rendering template within layouts/application
Rendering home/show
Completed in 12ms (View: 9, DB: 0) | 200 OK [http://lo/]


Processing HomeController#show (for 127.0.0.1 at 2010-02-16 00:05:44) [GET]
  Parameters: {"action"=>"show", "controller"=>"home"}
Rendering template within layouts/application
Rendering home/show
Completed in 11ms (View: 7, DB: 0) | 200 OK [http://lo/]


Processing UsersController#new (for 127.0.0.1 at 2010-02-16 00:05:54) [GET]
  Parameters: {"action"=>"new", "controller"=>"users"}
Rendering template within layouts/application
Rendering users/new
Completed in 103ms (View: 88, DB: 0) | 200 OK [http://lo/users/new]


Processing UsersController#new (for 127.0.0.1 at 2010-02-16 00:06:13) [GET]
  Parameters: {"action"=>"new", "controller"=>"users"}
Rendering template within layouts/application
Rendering users/new
Completed in 23ms (View: 8, DB: 0) | 200 OK [http://lo/signup]


Processing UsersController#new (for 127.0.0.1 at 2010-02-16 00:06:14) [GET]
  Parameters: {"action"=>"new", "controller"=>"users"}
Rendering template within layouts/application
Rendering users/new
Completed in 26ms (View: 13, DB: 0) | 200 OK [http://lo/signup]


Processing HomeController#show (for 127.0.0.1 at 2010-02-16 00:06:15) [GET]
  Parameters: {"action"=>"show", "controller"=>"home"}
Rendering template within layouts/application
Rendering home/show
Completed in 5ms (View: 2, DB: 0) | 200 OK [http://lo/]


Processing UsersController#new (for 127.0.0.1 at 2010-02-16 00:06:15) [GET]
  Parameters: {"action"=>"new", "controller"=>"users"}
Rendering template within layouts/application
Rendering users/new
Completed in 22ms (View: 7, DB: 0) | 200 OK [http://lo/signup]


Processing UsersController#new (for 127.0.0.1 at 2010-02-16 00:07:32) [GET]
  Parameters: {"action"=>"new", "controller"=>"users"}
Rendering template within layouts/application
Rendering users/new
Completed in 31ms (View: 14, DB: 0) | 200 OK [http://lo/signup]


Processing UsersController#new (for 127.0.0.1 at 2010-02-16 00:08:10) [GET]
  Parameters: {"action"=>"new", "controller"=>"users"}
Rendering template within layouts/application
Rendering users/new
Completed in 27ms (View: 14, DB: 0) | 200 OK [http://lo/signup]


Processing HomeController#show (for 127.0.0.1 at 2010-02-16 00:08:11) [GET]
  Parameters: {"action"=>"show", "controller"=>"home"}
Rendering template within layouts/application
Rendering home/show
Completed in 5ms (View: 2, DB: 0) | 200 OK [http://lo/]


Processing UsersController#new (for 127.0.0.1 at 2010-02-16 00:08:12) [GET]
  Parameters: {"action"=>"new", "controller"=>"users"}
Rendering template within layouts/application
Rendering users/new
Completed in 22ms (View: 8, DB: 0) | 200 OK [http://lo/signup]


Processing HomeController#show (for 127.0.0.1 at 2010-02-16 00:08:14) [GET]
  Parameters: {"action"=>"show", "controller"=>"home"}
Rendering template within layouts/application
Rendering home/show
Completed in 6ms (View: 3, DB: 0) | 200 OK [http://lo/]


Processing UsersController#new (for 127.0.0.1 at 2010-02-16 00:08:16) [GET]
  Parameters: {"action"=>"new", "controller"=>"users"}
Rendering template within layouts/application
Rendering users/new
Completed in 23ms (View: 8, DB: 0) | 200 OK [http://lo/users/new]


Processing HomeController#show (for 127.0.0.1 at 2010-02-16 00:09:21) [GET]
  Parameters: {"action"=>"show", "controller"=>"home"}
Rendering template within layouts/application
Rendering home/show
Completed in 12ms (View: 9, DB: 0) | 200 OK [http://lo/]


Processing HomeController#show (for 127.0.0.1 at 2010-02-16 00:09:56) [GET]
  Parameters: {"action"=>"show", "controller"=>"home"}
Rendering template within layouts/application
Rendering home/show
Completed in 12ms (View: 9, DB: 0) | 200 OK [http://lo/]


Processing UsersController#new (for 127.0.0.1 at 2010-02-16 00:10:01) [GET]
  Parameters: {"action"=>"new", "controller"=>"users"}
Rendering template within layouts/application
Rendering users/new
Completed in 21ms (View: 7, DB: 0) | 200 OK [http://lo/users/new]


Processing ApplicationController#index (for 127.0.0.1 at 2010-02-16 00:10:08) [GET]

ActionController::RoutingError (No route matches "/prices" with {:method=>:get}):
  

Rendering rescues/layout (not_found)


Processing HomeController#show (for 127.0.0.1 at 2010-02-16 00:11:30) [GET]
  Parameters: {"action"=>"show", "controller"=>"home"}
Rendering template within layouts/application
Rendering home/show
Completed in 11ms (View: 8, DB: 0) | 200 OK [http://lo/]


Processing HomeController#show (for 127.0.0.1 at 2010-02-16 00:11:30) [GET]
  Parameters: {"action"=>"show", "controller"=>"home"}
Rendering template within layouts/application
Rendering home/show
Completed in 5ms (View: 2, DB: 0) | 200 OK [http://lo/]


Processing HomeController#show (for 127.0.0.1 at 2010-02-16 00:12:03) [GET]
  Parameters: {"action"=>"show", "controller"=>"home"}
Rendering template within layouts/application
Rendering home/show
Completed in 11ms (View: 9, DB: 0) | 200 OK [http://lo/]


Processing UsersController#new (for 127.0.0.1 at 2010-02-16 00:12:35) [GET]
  Parameters: {"action"=>"new", "controller"=>"users"}
Rendering template within layouts/application
Rendering users/new
Completed in 24ms (View: 9, DB: 0) | 200 OK [http://lo/signup]


Processing ApplicationController#index (for 127.0.0.1 at 2010-02-16 00:12:37) [GET]

ActionController::RoutingError (No route matches "/prices" with {:method=>:get}):
  

Rendering rescues/layout (not_found)


Processing HomeController#show (for 127.0.0.1 at 2010-02-16 00:12:41) [GET]
  Parameters: {"action"=>"show", "controller"=>"home"}
Rendering template within layouts/application
Rendering home/show
Completed in 6ms (View: 3, DB: 0) | 200 OK [http://lo/]


Processing UsersController#new (for 127.0.0.1 at 2010-02-16 00:12:41) [GET]
  Parameters: {"action"=>"new", "controller"=>"users"}
Rendering template within layouts/application
Rendering users/new
Completed in 22ms (View: 8, DB: 0) | 200 OK [http://lo/signup]


Processing ApplicationController#index (for 127.0.0.1 at 2010-02-16 00:12:46) [GET]

ActionController::RoutingError (No route matches "/prices" with {:method=>:get}):
  

Rendering rescues/layout (not_found)


Processing ApplicationController#index (for 127.0.0.1 at 2010-02-16 00:22:25) [GET]

ActionController::RoutingError (No route matches "/prices" with {:method=>:get}):
  

Rendering rescues/layout (not_found)


Processing PricesController#index (for 127.0.0.1 at 2010-02-16 00:23:09) [GET]
  Parameters: {"action"=>"index", "controller"=>"prices"}
Rendering template within layouts/application
Rendering prices/index
Completed in 14ms (View: 9, DB: 0) | 200 OK [http://lo/prices]


Processing UsersController#new (for 127.0.0.1 at 2010-02-16 00:23:12) [GET]
  Parameters: {"action"=>"new", "controller"=>"users"}
Rendering template within layouts/application
Rendering users/new
Completed in 22ms (View: 8, DB: 0) | 200 OK [http://lo/signup]


Processing HomeController#show (for 127.0.0.1 at 2010-02-16 00:23:12) [GET]
  Parameters: {"action"=>"show", "controller"=>"home"}
Rendering template within layouts/application
Rendering home/show
Completed in 5ms (View: 2, DB: 0) | 200 OK [http://lo/]


Processing HomeController#show (for 127.0.0.1 at 2010-02-16 00:23:13) [GET]
  Parameters: {"action"=>"show", "controller"=>"home"}
Rendering template within layouts/application
Rendering home/show
Completed in 7ms (View: 4, DB: 0) | 200 OK [http://lo/]


Processing PricesController#index (for 127.0.0.1 at 2010-02-16 00:23:13) [GET]
  Parameters: {"action"=>"index", "controller"=>"prices"}
Rendering template within layouts/application
Rendering prices/index
Completed in 4ms (View: 1, DB: 0) | 200 OK [http://lo/prices]


Processing PricesController#index (for 127.0.0.1 at 2010-02-16 00:23:34) [GET]
  Parameters: {"action"=>"index", "controller"=>"prices"}
Rendering template within layouts/application
Rendering prices/index
Completed in 89ms (View: 14, DB: 0) | 200 OK [http://lo/prices]


Processing HomeController#show (for 127.0.0.1 at 2010-02-16 00:23:36) [GET]
  Parameters: {"action"=>"show", "controller"=>"home"}
Rendering template within layouts/application
Rendering home/show
Completed in 6ms (View: 3, DB: 0) | 200 OK [http://lo/]


Processing UsersController#new (for 127.0.0.1 at 2010-02-16 00:23:36) [GET]
  Parameters: {"action"=>"new", "controller"=>"users"}
Rendering template within layouts/application
Rendering users/new
Completed in 24ms (View: 8, DB: 0) | 200 OK [http://lo/signup]


Processing PricesController#index (for 127.0.0.1 at 2010-02-16 00:23:37) [GET]
  Parameters: {"action"=>"index", "controller"=>"prices"}
Rendering template within layouts/application
Rendering prices/index
Completed in 4ms (View: 1, DB: 0) | 200 OK [http://lo/prices]


Processing UsersController#new (for 127.0.0.1 at 2010-02-16 00:23:39) [GET]
  Parameters: {"action"=>"new", "controller"=>"users"}
Rendering template within layouts/application
Rendering users/new
Completed in 23ms (View: 10, DB: 0) | 200 OK [http://lo/signup]


Processing HomeController#show (for 127.0.0.1 at 2010-02-16 00:23:41) [GET]
  Parameters: {"action"=>"show", "controller"=>"home"}
Rendering template within layouts/application
Rendering home/show
Completed in 7ms (View: 3, DB: 0) | 200 OK [http://lo/]


Processing HomeController#show (for 127.0.0.1 at 2010-02-16 00:23:42) [GET]
  Parameters: {"action"=>"show", "controller"=>"home"}
Rendering template within layouts/application
Rendering home/show
Completed in 5ms (View: 2, DB: 0) | 200 OK [http://lo/]


Processing PricesController#index (for 127.0.0.1 at 2010-02-16 00:23:47) [GET]
  Parameters: {"action"=>"index", "controller"=>"prices"}
Rendering template within layouts/application
Rendering prices/index
Completed in 6ms (View: 2, DB: 0) | 200 OK [http://lo/prices]


Processing UsersController#new (for 127.0.0.1 at 2010-02-16 00:24:17) [GET]
  Parameters: {"action"=>"new", "controller"=>"users"}
Rendering template within layouts/application
Rendering users/new
Completed in 24ms (View: 8, DB: 0) | 200 OK [http://lo/signup]


Processing HomeController#show (for 127.0.0.1 at 2010-02-16 00:24:25) [GET]
  Parameters: {"action"=>"show", "controller"=>"home"}
Rendering template within layouts/application
Rendering home/show
Completed in 8ms (View: 5, DB: 0) | 200 OK [http://lo/]


Processing HomeController#show (for 127.0.0.1 at 2010-02-16 00:24:25) [GET]
  Parameters: {"action"=>"show", "controller"=>"home"}
Rendering template within layouts/application
Rendering home/show
Completed in 5ms (View: 2, DB: 0) | 200 OK [http://lo/]


Processing UsersController#new (for 127.0.0.1 at 2010-02-16 00:24:26) [GET]
  Parameters: {"action"=>"new", "controller"=>"users"}
Rendering template within layouts/application
Rendering users/new
Completed in 25ms (View: 8, DB: 0) | 200 OK [http://lo/signup]


Processing HomeController#show (for 127.0.0.1 at 2010-02-16 00:24:40) [GET]
  Parameters: {"action"=>"show", "controller"=>"home"}
Rendering template within layouts/application
Rendering home/show
Completed in 7ms (View: 3, DB: 0) | 200 OK [http://lo/]


Processing UsersController#new (for 127.0.0.1 at 2010-02-16 00:24:43) [GET]
  Parameters: {"action"=>"new", "controller"=>"users"}
Rendering template within layouts/application
Rendering users/new
Completed in 22ms (View: 8, DB: 0) | 200 OK [http://lo/signup]


Processing PricesController#index (for 127.0.0.1 at 2010-02-16 00:24:44) [GET]
  Parameters: {"action"=>"index", "controller"=>"prices"}
Rendering template within layouts/application
Rendering prices/index
Completed in 5ms (View: 2, DB: 0) | 200 OK [http://lo/prices]


Processing PricesController#index (for 127.0.0.1 at 2010-02-16 00:39:28) [GET]
  Parameters: {"action"=>"index", "controller"=>"prices"}
Rendering template within layouts/application
Rendering prices/index
Completed in 9ms (View: 6, DB: 0) | 200 OK [http://lo/prices]


Processing PricesController#index (for 127.0.0.1 at 2010-02-16 00:39:43) [GET]
  Parameters: {"action"=>"index", "controller"=>"prices"}
Rendering template within layouts/application
Rendering prices/index
Completed in 10ms (View: 7, DB: 0) | 200 OK [http://lo/prices]


Processing PricesController#index (for 127.0.0.1 at 2010-02-16 08:41:22) [GET]
  Parameters: {"action"=>"index", "controller"=>"prices"}
Rendering template within layouts/application
Rendering prices/index
Completed in 11ms (View: 7, DB: 0) | 200 OK [http://lo/prices]


Processing PricesController#index (for 127.0.0.1 at 2010-02-16 08:41:26) [GET]
  Parameters: {"action"=>"index", "controller"=>"prices"}
Rendering template within layouts/application
Rendering prices/index
Completed in 10ms (View: 7, DB: 0) | 200 OK [http://lo/prices]


Processing PricesController#index (for 127.0.0.1 at 2010-02-16 08:42:15) [GET]
  Parameters: {"action"=>"index", "controller"=>"prices"}
Rendering template within layouts/application
Rendering prices/index
Completed in 9ms (View: 6, DB: 0) | 200 OK [http://lo/prices]


Processing PricesController#index (for 127.0.0.1 at 2010-02-16 08:42:26) [GET]
  Parameters: {"action"=>"index", "controller"=>"prices"}
Rendering template within layouts/application
Rendering prices/index
Completed in 104ms (View: 101, DB: 0) | 200 OK [http://lo/prices]


Processing PricesController#index (for 127.0.0.1 at 2010-02-16 08:59:24) [GET]
  Parameters: {"action"=>"index", "controller"=>"prices"}
Rendering template within layouts/application
Rendering prices/index
Completed in 11ms (View: 7, DB: 0) | 200 OK [http://lo/prices]


Processing PricesController#index (for 127.0.0.1 at 2010-02-16 08:59:43) [GET]
  Parameters: {"action"=>"index", "controller"=>"prices"}
Rendering template within layouts/application
Rendering prices/index
Completed in 10ms (View: 7, DB: 0) | 200 OK [http://lo/prices]


Processing PricesController#index (for 127.0.0.1 at 2010-02-16 08:59:50) [GET]
  Parameters: {"action"=>"index", "controller"=>"prices"}
Rendering template within layouts/application
Rendering prices/index
Completed in 11ms (View: 7, DB: 0) | 200 OK [http://lo/prices]


Processing PricesController#index (for 127.0.0.1 at 2010-02-16 09:00:07) [GET]
  Parameters: {"action"=>"index", "controller"=>"prices"}
Rendering template within layouts/application
Rendering prices/index
Completed in 10ms (View: 6, DB: 0) | 200 OK [http://lo/prices]


Processing HomeController#show (for 127.0.0.1 at 2010-02-16 09:01:32) [GET]
  Parameters: {"action"=>"show", "controller"=>"home"}
Rendering template within layouts/application
Rendering home/show
Completed in 6ms (View: 2, DB: 0) | 200 OK [http://lo/]


Processing HomeController#show (for 127.0.0.1 at 2010-02-16 09:01:33) [GET]
  Parameters: {"action"=>"show", "controller"=>"home"}
Rendering template within layouts/application
Rendering home/show
Completed in 5ms (View: 2, DB: 0) | 200 OK [http://lo/]


Processing HomeController#show (for 127.0.0.1 at 2010-02-16 09:02:07) [GET]
  Parameters: {"action"=>"show", "controller"=>"home"}
Rendering template within layouts/application
Rendering home/show
Completed in 15ms (View: 12, DB: 0) | 200 OK [http://lo/]


Processing PricesController#index (for 127.0.0.1 at 2010-02-16 09:02:23) [GET]
  Parameters: {"action"=>"index", "controller"=>"prices"}
Rendering template within layouts/application
Rendering prices/index
Completed in 13ms (View: 1, DB: 0) | 200 OK [http://lo/prices]
